{"D:\\OwnSyncDev\\GitHub\\aurelia-slickgrid-bs4-demo\\src\\app.ts": {"path":"D:\\OwnSyncDev\\GitHub\\aurelia-slickgrid-bs4-demo\\src\\app.ts","statementMap":{"0":{"start":{"line":2,"column":0},"end":{"line":2,"column":65}},"1":{"start":{"line":6,"column":0},"end":{"line":19,"column":0}},"2":{"start":{"line":9,"column":2},"end":{"line":18,"column":3}},"3":{"start":{"line":10,"column":4},"end":{"line":10,"column":39}},"4":{"start":{"line":11,"column":4},"end":{"line":15,"column":7}},"5":{"start":{"line":17,"column":4},"end":{"line":17,"column":25}},"6":{"start":{"line":6,"column":13},"end":{"line":19,"column":1}},"7":{"start":{"line":19,"column":0},"end":{"line":19,"column":1}},"8":{"start":{"line":6,"column":13},"end":{"line":6,"column":16}}},"fnMap":{"0":{"name":"(anonymous_1)","decl":{"start":{"line":6,"column":0},"end":{"line":null,"column":-1}},"loc":{"start":{"line":6,"column":0},"end":{"line":6,"column":-1}}},"1":{"name":"(anonymous_3)","decl":{"start":{"line":9,"column":2},"end":{"line":9,"column":17}},"loc":{"start":{"line":9,"column":61},"end":{"line":18,"column":3}}}},"branchMap":{},"s":{"0":0,"1":0,"2":0,"3":0,"4":0,"5":0,"6":0,"7":0,"8":0},"f":{"0":0,"1":0},"b":{}}
,"D:\\OwnSyncDev\\GitHub\\aurelia-slickgrid-bs4-demo\\src\\environment.ts": {"path":"D:\\OwnSyncDev\\GitHub\\aurelia-slickgrid-bs4-demo\\src\\environment.ts","statementMap":{"0":{"start":{"line":1,"column":0},"end":{"line":4,"column":2}}},"fnMap":{},"branchMap":{},"s":{"0":0},"f":{},"b":{}}
,"D:\\OwnSyncDev\\GitHub\\aurelia-slickgrid-bs4-demo\\src\\home.ts": {"path":"D:\\OwnSyncDev\\GitHub\\aurelia-slickgrid-bs4-demo\\src\\home.ts","statementMap":{"0":{"start":{"line":1,"column":0},"end":{"line":2,"column":0}},"1":{"start":{"line":2,"column":0},"end":{"line":2,"column":1}},"2":{"start":{"line":1,"column":13},"end":{"line":1,"column":17}}},"fnMap":{"0":{"name":"(anonymous_0)","decl":{"start":{"line":1,"column":0},"end":{"line":null,"column":-1}},"loc":{"start":{"line":1,"column":0},"end":{"line":1,"column":-1}}}},"branchMap":{},"s":{"0":0,"1":0,"2":0},"f":{"0":0},"b":{}}
,"D:\\OwnSyncDev\\GitHub\\aurelia-slickgrid-bs4-demo\\src\\main.ts": {"path":"D:\\OwnSyncDev\\GitHub\\aurelia-slickgrid-bs4-demo\\src\\main.ts","statementMap":{"0":{"start":{"line":4,"column":0},"end":{"line":4,"column":42}},"1":{"start":{"line":5,"column":0},"end":{"line":5,"column":43}},"2":{"start":{"line":6,"column":0},"end":{"line":6,"column":42}},"3":{"start":{"line":7,"column":0},"end":{"line":7,"column":72}},"4":{"start":{"line":8,"column":0},"end":{"line":8,"column":71}},"5":{"start":{"line":9,"column":0},"end":{"line":9,"column":30}},"6":{"start":{"line":10,"column":0},"end":{"line":10,"column":40}},"7":{"start":{"line":11,"column":0},"end":{"line":11,"column":53}},"8":{"start":{"line":12,"column":0},"end":{"line":12,"column":39}},"9":{"start":{"line":13,"column":0},"end":{"line":13,"column":47}},"10":{"start":{"line":14,"column":0},"end":{"line":14,"column":46}},"11":{"start":{"line":15,"column":0},"end":{"line":15,"column":36}},"12":{"start":{"line":16,"column":0},"end":{"line":16,"column":19}},"13":{"start":{"line":19,"column":0},"end":{"line":24,"column":3}},"14":{"start":{"line":27,"column":2},"end":{"line":29,"column":53}},"15":{"start":{"line":31,"column":2},"end":{"line":34,"column":5}},"16":{"start":{"line":33,"column":4},"end":{"line":33,"column":56}},"17":{"start":{"line":36,"column":2},"end":{"line":55,"column":5}},"18":{"start":{"line":37,"column":18},"end":{"line":37,"column":31}},"19":{"start":{"line":39,"column":6},"end":{"line":39,"column":49}},"20":{"start":{"line":42,"column":6},"end":{"line":42,"column":36}},"21":{"start":{"line":46,"column":6},"end":{"line":54,"column":9}},"22":{"start":{"line":58,"column":2},"end":{"line":60,"column":3}},"23":{"start":{"line":59,"column":4},"end":{"line":59,"column":37}},"24":{"start":{"line":62,"column":2},"end":{"line":64,"column":3}},"25":{"start":{"line":63,"column":4},"end":{"line":63,"column":63}},"26":{"start":{"line":66,"column":2},"end":{"line":66,"column":74}},"27":{"start":{"line":66,"column":29},"end":{"line":66,"column":72}},"28":{"start":{"line":26,"column":0},"end":{"line":67,"column":1}}},"fnMap":{"0":{"name":"configure","decl":{"start":{"line":26,"column":0},"end":{"line":26,"column":25}},"loc":{"start":{"line":26,"column":42},"end":{"line":67,"column":1}}},"1":{"name":"(anonymous_1)","decl":{"start":{"line":31,"column":63},"end":{"line":31,"column":62}},"loc":{"start":{"line":31,"column":69},"end":{"line":34,"column":3}}},"2":{"name":"(anonymous_2)","decl":{"start":{"line":36,"column":58},"end":{"line":36,"column":58}},"loc":{"start":{"line":36,"column":67},"end":{"line":55,"column":3}}},"3":{"name":"(anonymous_3)","decl":{"start":{"line":66,"column":23},"end":{"line":66,"column":28}},"loc":{"start":{"line":66,"column":23},"end":{"line":66,"column":72}}}},"branchMap":{"0":{"loc":{"start":{"line":58,"column":2},"end":{"line":60,"column":3}},"type":"if","locations":[{"start":{"line":58,"column":2},"end":{"line":60,"column":3}},{"start":{"line":58,"column":2},"end":{"line":60,"column":3}}]},"1":{"loc":{"start":{"line":62,"column":2},"end":{"line":64,"column":3}},"type":"if","locations":[{"start":{"line":62,"column":2},"end":{"line":64,"column":3}},{"start":{"line":62,"column":2},"end":{"line":64,"column":3}}]}},"s":{"0":0,"1":0,"2":0,"3":0,"4":0,"5":0,"6":0,"7":0,"8":0,"9":0,"10":0,"11":0,"12":0,"13":0,"14":0,"15":0,"16":0,"17":0,"18":0,"19":0,"20":0,"21":0,"22":0,"23":0,"24":0,"25":0,"26":0,"27":0,"28":0},"f":{"0":0,"1":0,"2":0,"3":0},"b":{"0":[0,0],"1":[0,0]}}
,"D:\\OwnSyncDev\\GitHub\\aurelia-slickgrid-bs4-demo\\src\\examples\\slickgrid\\custom-inputEditor.ts": {"path":"D:\\OwnSyncDev\\GitHub\\aurelia-slickgrid-bs4-demo\\src\\examples\\slickgrid\\custom-inputEditor.ts","statementMap":{"0":{"start":{"line":1,"column":0},"end":{"line":8,"column":26}},"1":{"start":{"line":9,"column":0},"end":{"line":9,"column":27}},"2":{"start":{"line":15,"column":0},"end":{"line":110,"column":0}},"3":{"start":{"line":20,"column":22},"end":{"line":20,"column":31}},"4":{"start":{"line":21,"column":4},"end":{"line":21,"column":16}},"5":{"start":{"line":25,"column":2},"end":{"line":27,"column":3}},"6":{"start":{"line":26,"column":4},"end":{"line":26,"column":47}},"7":{"start":{"line":30,"column":2},"end":{"line":32,"column":3}},"8":{"start":{"line":31,"column":4},"end":{"line":31,"column":71}},"9":{"start":{"line":35,"column":2},"end":{"line":37,"column":3}},"10":{"start":{"line":36,"column":4},"end":{"line":36,"column":67}},"11":{"start":{"line":39,"column":2},"end":{"line":58,"column":3}},"12":{"start":{"line":39,"column":2},"end":{"line":58,"column":2}},"13":{"start":{"line":40,"column":24},"end":{"line":40,"column":80}},"14":{"start":{"line":46,"column":4},"end":{"line":53,"column":9}},"15":{"start":{"line":49,"column":8},"end":{"line":49,"column":37}},"16":{"start":{"line":50,"column":8},"end":{"line":52,"column":9}},"17":{"start":{"line":51,"column":10},"end":{"line":51,"column":43}},"18":{"start":{"line":55,"column":4},"end":{"line":57,"column":11}},"19":{"start":{"line":56,"column":6},"end":{"line":56,"column":35}},"20":{"start":{"line":60,"column":2},"end":{"line":62,"column":3}},"21":{"start":{"line":61,"column":4},"end":{"line":61,"column":44}},"22":{"start":{"line":64,"column":2},"end":{"line":66,"column":3}},"23":{"start":{"line":65,"column":4},"end":{"line":65,"column":24}},"24":{"start":{"line":68,"column":2},"end":{"line":70,"column":3}},"25":{"start":{"line":69,"column":4},"end":{"line":69,"column":29}},"26":{"start":{"line":72,"column":2},"end":{"line":74,"column":3}},"27":{"start":{"line":73,"column":4},"end":{"line":73,"column":25}},"28":{"start":{"line":76,"column":2},"end":{"line":81,"column":3}},"29":{"start":{"line":77,"column":4},"end":{"line":77,"column":59}},"30":{"start":{"line":78,"column":4},"end":{"line":78,"column":39}},"31":{"start":{"line":79,"column":4},"end":{"line":79,"column":52}},"32":{"start":{"line":80,"column":4},"end":{"line":80,"column":25}},"33":{"start":{"line":83,"column":2},"end":{"line":85,"column":3}},"34":{"start":{"line":84,"column":4},"end":{"line":84,"column":29}},"35":{"start":{"line":87,"column":2},"end":{"line":89,"column":3}},"36":{"start":{"line":88,"column":4},"end":{"line":88,"column":41}},"37":{"start":{"line":91,"column":2},"end":{"line":97,"column":3}},"38":{"start":{"line":92,"column":22},"end":{"line":92,"column":74}},"39":{"start":{"line":93,"column":4},"end":{"line":95,"column":5}},"40":{"start":{"line":94,"column":6},"end":{"line":94,"column":18}},"41":{"start":{"line":96,"column":4},"end":{"line":96,"column":116}},"42":{"start":{"line":99,"column":2},"end":{"line":109,"column":3}},"43":{"start":{"line":100,"column":4},"end":{"line":103,"column":5}},"44":{"start":{"line":101,"column":20},"end":{"line":101,"column":71}},"45":{"start":{"line":102,"column":6},"end":{"line":102,"column":46}},"46":{"start":{"line":105,"column":4},"end":{"line":108,"column":6}},"47":{"start":{"line":110,"column":0},"end":{"line":110,"column":1}},"48":{"start":{"line":15,"column":13},"end":{"line":15,"column":30}}},"fnMap":{"0":{"name":"(anonymous_0)","decl":{"start":{"line":15,"column":0},"end":{"line":null,"column":-1}},"loc":{"start":{"line":15,"column":0},"end":{"line":15,"column":-1}}},"1":{"name":"CustomInputEditor","decl":{"start":{"line":20,"column":2},"end":{"line":20,"column":21}},"loc":{"start":{"line":20,"column":31},"end":{"line":22,"column":3}}},"2":{"name":"(anonymous_2)","decl":{"start":{"line":25,"column":2},"end":{"line":null,"column":-1}},"loc":{"start":{"line":25,"column":2},"end":{"line":27,"column":3}}},"3":{"name":"(anonymous_3)","decl":{"start":{"line":30,"column":2},"end":{"line":null,"column":-1}},"loc":{"start":{"line":30,"column":2},"end":{"line":32,"column":3}}},"4":{"name":"(anonymous_4)","decl":{"start":{"line":35,"column":2},"end":{"line":null,"column":-1}},"loc":{"start":{"line":35,"column":2},"end":{"line":37,"column":3}}},"5":{"name":"(anonymous_5)","decl":{"start":{"line":39,"column":2},"end":{"line":null,"column":-1}},"loc":{"start":{"line":39,"column":2},"end":{"line":58,"column":3}}},"6":{"name":"(anonymous_6)","decl":{"start":{"line":48,"column":25},"end":{"line":48,"column":25}},"loc":{"start":{"line":48,"column":50},"end":{"line":53,"column":7}}},"7":{"name":"(anonymous_7)","decl":{"start":{"line":55,"column":15},"end":{"line":null,"column":-1}},"loc":{"start":{"line":55,"column":15},"end":{"line":57,"column":5}}},"8":{"name":"(anonymous_8)","decl":{"start":{"line":60,"column":2},"end":{"line":null,"column":-1}},"loc":{"start":{"line":60,"column":2},"end":{"line":62,"column":3}}},"9":{"name":"(anonymous_9)","decl":{"start":{"line":64,"column":2},"end":{"line":null,"column":-1}},"loc":{"start":{"line":64,"column":2},"end":{"line":66,"column":3}}},"10":{"name":"(anonymous_10)","decl":{"start":{"line":68,"column":2},"end":{"line":null,"column":-1}},"loc":{"start":{"line":68,"column":2},"end":{"line":70,"column":3}}},"11":{"name":"(anonymous_11)","decl":{"start":{"line":72,"column":2},"end":{"line":72,"column":10}},"loc":{"start":{"line":72,"column":22},"end":{"line":74,"column":3}}},"12":{"name":"(anonymous_12)","decl":{"start":{"line":76,"column":2},"end":{"line":76,"column":11}},"loc":{"start":{"line":76,"column":21},"end":{"line":81,"column":3}}},"13":{"name":"(anonymous_13)","decl":{"start":{"line":83,"column":2},"end":{"line":null,"column":-1}},"loc":{"start":{"line":83,"column":2},"end":{"line":85,"column":3}}},"14":{"name":"(anonymous_14)","decl":{"start":{"line":87,"column":2},"end":{"line":87,"column":12}},"loc":{"start":{"line":87,"column":34},"end":{"line":89,"column":3}}},"15":{"name":"(anonymous_15)","decl":{"start":{"line":91,"column":2},"end":{"line":null,"column":-1}},"loc":{"start":{"line":91,"column":2},"end":{"line":97,"column":3}}},"16":{"name":"(anonymous_16)","decl":{"start":{"line":99,"column":2},"end":{"line":null,"column":-1}},"loc":{"start":{"line":99,"column":2},"end":{"line":109,"column":3}}}},"branchMap":{"0":{"loc":{"start":{"line":26,"column":11},"end":{"line":26,"column":20}},"type":"binary-expr","locations":[{"start":{"line":26,"column":11},"end":{"line":26,"column":20}},{"start":{"line":26,"column":24},"end":{"line":26,"column":40}},{"start":{"line":26,"column":44},"end":{"line":26,"column":46}}]},"1":{"loc":{"start":{"line":31,"column":11},"end":{"line":31,"column":25}},"type":"binary-expr","locations":[{"start":{"line":31,"column":11},"end":{"line":31,"column":25}},{"start":{"line":31,"column":29},"end":{"line":31,"column":64}},{"start":{"line":31,"column":68},"end":{"line":31,"column":70}}]},"2":{"loc":{"start":{"line":36,"column":11},"end":{"line":36,"column":38}},"type":"binary-expr","locations":[{"start":{"line":36,"column":11},"end":{"line":36,"column":38}},{"start":{"line":36,"column":42},"end":{"line":36,"column":66}}]},"3":{"loc":{"start":{"line":40,"column":24},"end":{"line":40,"column":41}},"type":"binary-expr","locations":[{"start":{"line":40,"column":24},"end":{"line":40,"column":41}},{"start":{"line":40,"column":45},"end":{"line":40,"column":74}},{"start":{"line":40,"column":78},"end":{"line":40,"column":80}}]},"4":{"loc":{"start":{"line":50,"column":8},"end":{"line":52,"column":9}},"type":"if","locations":[{"start":{"line":50,"column":8},"end":{"line":52,"column":9}},{"start":{"line":50,"column":8},"end":{"line":52,"column":9}}]},"5":{"loc":{"start":{"line":50,"column":12},"end":{"line":50,"column":42}},"type":"binary-expr","locations":[{"start":{"line":50,"column":12},"end":{"line":50,"column":42}},{"start":{"line":50,"column":46},"end":{"line":50,"column":77}}]},"6":{"loc":{"start":{"line":77,"column":24},"end":{"line":77,"column":52}},"type":"binary-expr","locations":[{"start":{"line":77,"column":24},"end":{"line":77,"column":52}},{"start":{"line":77,"column":56},"end":{"line":77,"column":58}}]},"7":{"loc":{"start":{"line":92,"column":22},"end":{"line":92,"column":42}},"type":"binary-expr","locations":[{"start":{"line":92,"column":22},"end":{"line":92,"column":42}},{"start":{"line":92,"column":46},"end":{"line":92,"column":74}}]},"8":{"loc":{"start":{"line":93,"column":4},"end":{"line":95,"column":5}},"type":"if","locations":[{"start":{"line":93,"column":4},"end":{"line":95,"column":5}},{"start":{"line":93,"column":4},"end":{"line":95,"column":5}}]},"9":{"loc":{"start":{"line":93,"column":8},"end":{"line":93,"column":25}},"type":"binary-expr","locations":[{"start":{"line":93,"column":8},"end":{"line":93,"column":25}},{"start":{"line":93,"column":29},"end":{"line":93,"column":67}},{"start":{"line":93,"column":71},"end":{"line":93,"column":98}}]},"10":{"loc":{"start":{"line":96,"column":12},"end":{"line":96,"column":69}},"type":"binary-expr","locations":[{"start":{"line":96,"column":12},"end":{"line":96,"column":69}},{"start":{"line":96,"column":75},"end":{"line":96,"column":114}}]},"11":{"loc":{"start":{"line":96,"column":14},"end":{"line":96,"column":38}},"type":"binary-expr","locations":[{"start":{"line":96,"column":14},"end":{"line":96,"column":38}},{"start":{"line":96,"column":42},"end":{"line":96,"column":68}}]},"12":{"loc":{"start":{"line":100,"column":4},"end":{"line":103,"column":5}},"type":"if","locations":[{"start":{"line":100,"column":4},"end":{"line":103,"column":5}},{"start":{"line":100,"column":4},"end":{"line":103,"column":5}}]},"13":{"loc":{"start":{"line":101,"column":20},"end":{"line":101,"column":31}},"type":"binary-expr","locations":[{"start":{"line":101,"column":20},"end":{"line":101,"column":31}},{"start":{"line":101,"column":35},"end":{"line":101,"column":50}},{"start":{"line":101,"column":54},"end":{"line":101,"column":71}}]}},"s":{"0":0,"1":0,"2":0,"3":0,"4":0,"5":0,"6":0,"7":0,"8":0,"9":0,"10":0,"11":0,"12":0,"13":0,"14":0,"15":0,"16":0,"17":0,"18":0,"19":0,"20":0,"21":0,"22":0,"23":0,"24":0,"25":0,"26":0,"27":0,"28":0,"29":0,"30":0,"31":0,"32":0,"33":0,"34":0,"35":0,"36":0,"37":0,"38":0,"39":0,"40":0,"41":0,"42":0,"43":0,"44":0,"45":0,"46":0,"47":0,"48":0},"f":{"0":0,"1":0,"2":0,"3":0,"4":0,"5":0,"6":0,"7":0,"8":0,"9":0,"10":0,"11":0,"12":0,"13":0,"14":0,"15":0,"16":0},"b":{"0":[0,0,0],"1":[0,0,0],"2":[0,0],"3":[0,0,0],"4":[0,0],"5":[0,0],"6":[0,0],"7":[0,0],"8":[0,0],"9":[0,0,0],"10":[0,0],"11":[0,0],"12":[0,0],"13":[0,0,0]}}
,"D:\\OwnSyncDev\\GitHub\\aurelia-slickgrid-bs4-demo\\src\\examples\\slickgrid\\custom-inputFilter.ts": {"path":"D:\\OwnSyncDev\\GitHub\\aurelia-slickgrid-bs4-demo\\src\\examples\\slickgrid\\custom-inputFilter.ts","statementMap":{"0":{"start":{"line":1,"column":0},"end":{"line":11,"column":26}},"1":{"start":{"line":12,"column":0},"end":{"line":12,"column":27}},"2":{"start":{"line":14,"column":0},"end":{"line":137,"column":0}},"3":{"start":{"line":15,"column":10},"end":{"line":15,"column":40}},"4":{"start":{"line":16,"column":10},"end":{"line":16,"column":37}},"5":{"start":{"line":22,"column":2},"end":{"line":22,"column":63}},"6":{"start":{"line":25,"column":2},"end":{"line":27,"column":3}},"7":{"start":{"line":26,"column":4},"end":{"line":26,"column":57}},"8":{"start":{"line":30,"column":2},"end":{"line":32,"column":3}},"9":{"start":{"line":31,"column":4},"end":{"line":31,"column":77}},"10":{"start":{"line":37,"column":2},"end":{"line":67,"column":3}},"11":{"start":{"line":37,"column":2},"end":{"line":67,"column":2}},"12":{"start":{"line":38,"column":4},"end":{"line":38,"column":26}},"13":{"start":{"line":39,"column":4},"end":{"line":39,"column":34}},"14":{"start":{"line":40,"column":4},"end":{"line":40,"column":36}},"15":{"start":{"line":41,"column":4},"end":{"line":41,"column":46}},"16":{"start":{"line":44,"column":23},"end":{"line":44,"column":85}},"17":{"start":{"line":47,"column":27},"end":{"line":47,"column":57}},"18":{"start":{"line":50,"column":4},"end":{"line":50,"column":72}},"19":{"start":{"line":54,"column":4},"end":{"line":66,"column":7}},"20":{"start":{"line":55,"column":20},"end":{"line":55,"column":57}},"21":{"start":{"line":56,"column":6},"end":{"line":62,"column":7}},"22":{"start":{"line":57,"column":8},"end":{"line":57,"column":152}},"23":{"start":{"line":58,"column":8},"end":{"line":58,"column":46}},"24":{"start":{"line":60,"column":8},"end":{"line":60,"column":98}},"25":{"start":{"line":61,"column":8},"end":{"line":61,"column":124}},"26":{"start":{"line":64,"column":6},"end":{"line":64,"column":41}},"27":{"start":{"line":65,"column":6},"end":{"line":65,"column":38}},"28":{"start":{"line":72,"column":2},"end":{"line":79,"column":3}},"29":{"start":{"line":72,"column":8},"end":{"line":72,"column":33}},"30":{"start":{"line":73,"column":4},"end":{"line":78,"column":5}},"31":{"start":{"line":74,"column":6},"end":{"line":74,"column":40}},"32":{"start":{"line":75,"column":6},"end":{"line":75,"column":52}},"33":{"start":{"line":76,"column":6},"end":{"line":76,"column":30}},"34":{"start":{"line":77,"column":6},"end":{"line":77,"column":39}},"35":{"start":{"line":84,"column":2},"end":{"line":88,"column":3}},"36":{"start":{"line":85,"column":4},"end":{"line":87,"column":5}},"37":{"start":{"line":86,"column":6},"end":{"line":86,"column":44}},"38":{"start":{"line":93,"column":2},"end":{"line":97,"column":3}},"39":{"start":{"line":94,"column":4},"end":{"line":96,"column":5}},"40":{"start":{"line":95,"column":6},"end":{"line":95,"column":34}},"41":{"start":{"line":106,"column":10},"end":{"line":112,"column":3}},"42":{"start":{"line":107,"column":22},"end":{"line":107,"column":97}},"43":{"start":{"line":108,"column":4},"end":{"line":110,"column":5}},"44":{"start":{"line":109,"column":6},"end":{"line":109,"column":50}},"45":{"start":{"line":111,"column":4},"end":{"line":111,"column":97}},"46":{"start":{"line":118,"column":10},"end":{"line":136,"column":3}},"47":{"start":{"line":119,"column":23},"end":{"line":119,"column":70}},"48":{"start":{"line":120,"column":4},"end":{"line":120,"column":26}},"49":{"start":{"line":123,"column":23},"end":{"line":123,"column":40}},"50":{"start":{"line":124,"column":28},"end":{"line":124,"column":48}},"51":{"start":{"line":126,"column":4},"end":{"line":126,"column":36}},"52":{"start":{"line":127,"column":4},"end":{"line":127,"column":57}},"53":{"start":{"line":128,"column":4},"end":{"line":128,"column":51}},"54":{"start":{"line":131,"column":4},"end":{"line":133,"column":5}},"55":{"start":{"line":132,"column":6},"end":{"line":132,"column":38}},"56":{"start":{"line":135,"column":4},"end":{"line":135,"column":22}},"57":{"start":{"line":137,"column":0},"end":{"line":137,"column":1}},"58":{"start":{"line":14,"column":13},"end":{"line":14,"column":30}}},"fnMap":{"0":{"name":"(anonymous_0)","decl":{"start":{"line":14,"column":0},"end":{"line":null,"column":-1}},"loc":{"start":{"line":14,"column":0},"end":{"line":14,"column":-1}}},"1":{"name":"(anonymous_2)","decl":{"start":{"line":25,"column":2},"end":{"line":null,"column":-1}},"loc":{"start":{"line":25,"column":2},"end":{"line":27,"column":3}}},"2":{"name":"(anonymous_3)","decl":{"start":{"line":30,"column":2},"end":{"line":null,"column":-1}},"loc":{"start":{"line":30,"column":2},"end":{"line":32,"column":3}}},"3":{"name":"(anonymous_4)","decl":{"start":{"line":37,"column":2},"end":{"line":37,"column":6}},"loc":{"start":{"line":37,"column":28},"end":{"line":67,"column":3}}},"4":{"name":"(anonymous_5)","decl":{"start":{"line":54,"column":26},"end":{"line":54,"column":26}},"loc":{"start":{"line":54,"column":33},"end":{"line":66,"column":5}}},"5":{"name":"(anonymous_6)","decl":{"start":{"line":72,"column":2},"end":{"line":72,"column":7}},"loc":{"start":{"line":72,"column":33},"end":{"line":79,"column":3}}},"6":{"name":"(anonymous_7)","decl":{"start":{"line":84,"column":2},"end":{"line":null,"column":-1}},"loc":{"start":{"line":84,"column":2},"end":{"line":88,"column":3}}},"7":{"name":"(anonymous_8)","decl":{"start":{"line":93,"column":2},"end":{"line":93,"column":11}},"loc":{"start":{"line":93,"column":18},"end":{"line":97,"column":3}}},"8":{"name":"(anonymous_9)","decl":{"start":{"line":106,"column":2},"end":{"line":null,"column":-1}},"loc":{"start":{"line":106,"column":2},"end":{"line":112,"column":3}}},"9":{"name":"(anonymous_10)","decl":{"start":{"line":118,"column":2},"end":{"line":118,"column":26}},"loc":{"start":{"line":118,"column":74},"end":{"line":136,"column":3}}}},"branchMap":{"0":{"loc":{"start":{"line":26,"column":11},"end":{"line":26,"column":25}},"type":"binary-expr","locations":[{"start":{"line":26,"column":11},"end":{"line":26,"column":25}},{"start":{"line":26,"column":29},"end":{"line":26,"column":50}},{"start":{"line":26,"column":54},"end":{"line":26,"column":56}}]},"1":{"loc":{"start":{"line":31,"column":49},"end":{"line":31,"column":71}},"type":"cond-expr","locations":[{"start":{"line":31,"column":49},"end":{"line":31,"column":71}},{"start":{"line":31,"column":74},"end":{"line":31,"column":76}}]},"2":{"loc":{"start":{"line":31,"column":12},"end":{"line":31,"column":21}},"type":"binary-expr","locations":[{"start":{"line":31,"column":12},"end":{"line":31,"column":21}},{"start":{"line":31,"column":25},"end":{"line":31,"column":45}}]},"3":{"loc":{"start":{"line":41,"column":23},"end":{"line":41,"column":39}},"type":"binary-expr","locations":[{"start":{"line":41,"column":23},"end":{"line":41,"column":39}},{"start":{"line":41,"column":43},"end":{"line":41,"column":45}}]},"4":{"loc":{"start":{"line":44,"column":24},"end":{"line":44,"column":55}},"type":"binary-expr","locations":[{"start":{"line":44,"column":24},"end":{"line":44,"column":55}},{"start":{"line":44,"column":59},"end":{"line":44,"column":78}},{"start":{"line":44,"column":83},"end":{"line":44,"column":85}}]},"5":{"loc":{"start":{"line":55,"column":20},"end":{"line":55,"column":21}},"type":"binary-expr","locations":[{"start":{"line":55,"column":20},"end":{"line":55,"column":21}},{"start":{"line":55,"column":25},"end":{"line":55,"column":33}},{"start":{"line":55,"column":37},"end":{"line":55,"column":51}},{"start":{"line":55,"column":55},"end":{"line":55,"column":57}}]},"6":{"loc":{"start":{"line":56,"column":6},"end":{"line":62,"column":7}},"type":"if","locations":[{"start":{"line":56,"column":6},"end":{"line":62,"column":7}},{"start":{"line":56,"column":6},"end":{"line":62,"column":7}}]},"7":{"loc":{"start":{"line":60,"column":23},"end":{"line":60,"column":60}},"type":"cond-expr","locations":[{"start":{"line":60,"column":23},"end":{"line":60,"column":60}},{"start":{"line":60,"column":63},"end":{"line":60,"column":97}}]},"8":{"loc":{"start":{"line":72,"column":8},"end":{"line":72,"column":33}},"type":"if","locations":[{"start":{"line":72,"column":8},"end":{"line":72,"column":33}},{"start":{"line":72,"column":8},"end":{"line":72,"column":33}}]},"9":{"loc":{"start":{"line":73,"column":4},"end":{"line":78,"column":5}},"type":"if","locations":[{"start":{"line":73,"column":4},"end":{"line":78,"column":5}},{"start":{"line":73,"column":4},"end":{"line":78,"column":5}}]},"10":{"loc":{"start":{"line":85,"column":4},"end":{"line":87,"column":5}},"type":"if","locations":[{"start":{"line":85,"column":4},"end":{"line":87,"column":5}},{"start":{"line":85,"column":4},"end":{"line":87,"column":5}}]},"11":{"loc":{"start":{"line":94,"column":4},"end":{"line":96,"column":5}},"type":"if","locations":[{"start":{"line":94,"column":4},"end":{"line":96,"column":5}},{"start":{"line":94,"column":4},"end":{"line":96,"column":5}}]},"12":{"loc":{"start":{"line":107,"column":44},"end":{"line":107,"column":91}},"type":"cond-expr","locations":[{"start":{"line":107,"column":44},"end":{"line":107,"column":91}},{"start":{"line":107,"column":95},"end":{"line":107,"column":97}}]},"13":{"loc":{"start":{"line":107,"column":44},"end":{"line":107,"column":85}},"type":"binary-expr","locations":[{"start":{"line":107,"column":44},"end":{"line":107,"column":85}},{"start":{"line":107,"column":89},"end":{"line":107,"column":91}}]},"14":{"loc":{"start":{"line":108,"column":4},"end":{"line":110,"column":5}},"type":"if","locations":[{"start":{"line":108,"column":4},"end":{"line":110,"column":5}},{"start":{"line":108,"column":4},"end":{"line":110,"column":5}}]},"15":{"loc":{"start":{"line":108,"column":8},"end":{"line":108,"column":25}},"type":"binary-expr","locations":[{"start":{"line":108,"column":8},"end":{"line":108,"column":25}},{"start":{"line":108,"column":29},"end":{"line":108,"column":58}}]},"16":{"loc":{"start":{"line":131,"column":4},"end":{"line":133,"column":5}},"type":"if","locations":[{"start":{"line":131,"column":4},"end":{"line":133,"column":5}},{"start":{"line":131,"column":4},"end":{"line":133,"column":5}}]},"17":{"loc":{"start":{"line":131,"column":8},"end":{"line":131,"column":18}},"type":"binary-expr","locations":[{"start":{"line":131,"column":8},"end":{"line":131,"column":18}},{"start":{"line":131,"column":22},"end":{"line":131,"column":63}}]}},"s":{"0":0,"1":0,"2":0,"3":0,"4":0,"5":0,"6":0,"7":0,"8":0,"9":0,"10":0,"11":0,"12":0,"13":0,"14":0,"15":0,"16":0,"17":0,"18":0,"19":0,"20":0,"21":0,"22":0,"23":0,"24":0,"25":0,"26":0,"27":0,"28":0,"29":0,"30":0,"31":0,"32":0,"33":0,"34":0,"35":0,"36":0,"37":0,"38":0,"39":0,"40":0,"41":0,"42":0,"43":0,"44":0,"45":0,"46":0,"47":0,"48":0,"49":0,"50":0,"51":0,"52":0,"53":0,"54":0,"55":0,"56":0,"57":0,"58":0},"f":{"0":0,"1":0,"2":0,"3":0,"4":0,"5":0,"6":0,"7":0,"8":0,"9":0},"b":{"0":[0,0,0],"1":[0,0],"2":[0,0],"3":[0,0],"4":[0,0,0],"5":[0,0,0,0],"6":[0,0],"7":[0,0],"8":[0,0],"9":[0,0],"10":[0,0],"11":[0,0],"12":[0,0],"13":[0,0],"14":[0,0],"15":[0,0],"16":[0,0],"17":[0,0]}}
,"D:\\OwnSyncDev\\GitHub\\aurelia-slickgrid-bs4-demo\\src\\examples\\slickgrid\\example1.ts": {"path":"D:\\OwnSyncDev\\GitHub\\aurelia-slickgrid-bs4-demo\\src\\examples\\slickgrid\\example1.ts","statementMap":{"0":{"start":{"line":3,"column":0},"end":{"line":67,"column":0}},"1":{"start":{"line":4,"column":2},"end":{"line":4,"column":34}},"2":{"start":{"line":5,"column":2},"end":{"line":5,"column":112}},"3":{"start":{"line":16,"column":4},"end":{"line":16,"column":23}},"4":{"start":{"line":19,"column":2},"end":{"line":23,"column":3}},"5":{"start":{"line":21,"column":4},"end":{"line":21,"column":36}},"6":{"start":{"line":22,"column":4},"end":{"line":22,"column":36}},"7":{"start":{"line":26,"column":2},"end":{"line":43,"column":3}},"8":{"start":{"line":27,"column":4},"end":{"line":34,"column":6}},"9":{"start":{"line":35,"column":4},"end":{"line":38,"column":6}},"10":{"start":{"line":41,"column":4},"end":{"line":41,"column":54}},"11":{"start":{"line":42,"column":4},"end":{"line":42,"column":42}},"12":{"start":{"line":45,"column":2},"end":{"line":66,"column":3}},"13":{"start":{"line":47,"column":24},"end":{"line":47,"column":26}},"14":{"start":{"line":48,"column":4},"end":{"line":63,"column":5}},"15":{"start":{"line":49,"column":25},"end":{"line":49,"column":62}},"16":{"start":{"line":50,"column":26},"end":{"line":50,"column":56}},"17":{"start":{"line":51,"column":24},"end":{"line":51,"column":56}},"18":{"start":{"line":52,"column":28},"end":{"line":52,"column":59}},"19":{"start":{"line":54,"column":6},"end":{"line":62,"column":8}},"20":{"start":{"line":65,"column":4},"end":{"line":65,"column":23}},"21":{"start":{"line":67,"column":0},"end":{"line":67,"column":1}},"22":{"start":{"line":3,"column":13},"end":{"line":3,"column":21}}},"fnMap":{"0":{"name":"(anonymous_0)","decl":{"start":{"line":3,"column":0},"end":{"line":null,"column":-1}},"loc":{"start":{"line":3,"column":0},"end":{"line":3,"column":-1}}},"1":{"name":"Example1","decl":{"start":{"line":14,"column":2},"end":{"line":null,"column":-1}},"loc":{"start":{"line":14,"column":2},"end":{"line":17,"column":3}}},"2":{"name":"(anonymous_2)","decl":{"start":{"line":19,"column":2},"end":{"line":null,"column":-1}},"loc":{"start":{"line":19,"column":2},"end":{"line":23,"column":3}}},"3":{"name":"(anonymous_3)","decl":{"start":{"line":26,"column":2},"end":{"line":null,"column":-1}},"loc":{"start":{"line":26,"column":2},"end":{"line":43,"column":3}}},"4":{"name":"(anonymous_4)","decl":{"start":{"line":45,"column":2},"end":{"line":null,"column":-1}},"loc":{"start":{"line":45,"column":2},"end":{"line":66,"column":3}}}},"branchMap":{},"s":{"0":0,"1":0,"2":0,"3":0,"4":0,"5":0,"6":0,"7":0,"8":0,"9":0,"10":0,"11":0,"12":0,"13":0,"14":0,"15":0,"16":0,"17":0,"18":0,"19":0,"20":0,"21":0,"22":0},"f":{"0":0,"1":0,"2":0,"3":0,"4":0},"b":{}}
,"D:\\OwnSyncDev\\GitHub\\aurelia-slickgrid-bs4-demo\\src\\examples\\slickgrid\\example10.ts": {"path":"D:\\OwnSyncDev\\GitHub\\aurelia-slickgrid-bs4-demo\\src\\examples\\slickgrid\\example10.ts","statementMap":{"0":{"start":{"line":1,"column":0},"end":{"line":1,"column":46}},"1":{"start":{"line":2,"column":0},"end":{"line":2,"column":86}},"2":{"start":{"line":5,"column":0},"end":{"line":172,"column":0}},"3":{"start":{"line":6,"column":2},"end":{"line":6,"column":48}},"4":{"start":{"line":7,"column":2},"end":{"line":14,"column":4}},"5":{"start":{"line":23,"column":2},"end":{"line":23,"column":21}},"6":{"start":{"line":27,"column":4},"end":{"line":27,"column":23}},"7":{"start":{"line":30,"column":2},"end":{"line":34,"column":3}},"8":{"start":{"line":32,"column":4},"end":{"line":32,"column":39}},"9":{"start":{"line":33,"column":4},"end":{"line":33,"column":39}},"10":{"start":{"line":37,"column":2},"end":{"line":128,"column":3}},"11":{"start":{"line":38,"column":4},"end":{"line":45,"column":6}},"12":{"start":{"line":46,"column":4},"end":{"line":95,"column":6}},"13":{"start":{"line":97,"column":4},"end":{"line":110,"column":6}},"14":{"start":{"line":111,"column":4},"end":{"line":127,"column":6}},"15":{"start":{"line":130,"column":2},"end":{"line":151,"column":3}},"16":{"start":{"line":132,"column":24},"end":{"line":132,"column":26}},"17":{"start":{"line":133,"column":4},"end":{"line":149,"column":5}},"18":{"start":{"line":134,"column":25},"end":{"line":134,"column":62}},"19":{"start":{"line":135,"column":26},"end":{"line":135,"column":56}},"20":{"start":{"line":136,"column":24},"end":{"line":136,"column":56}},"21":{"start":{"line":137,"column":28},"end":{"line":137,"column":59}},"22":{"start":{"line":139,"column":6},"end":{"line":148,"column":8}},"23":{"start":{"line":150,"column":4},"end":{"line":150,"column":23}},"24":{"start":{"line":153,"column":2},"end":{"line":161,"column":3}},"25":{"start":{"line":154,"column":17},"end":{"line":154,"column":34}},"26":{"start":{"line":155,"column":4},"end":{"line":160,"column":5}},"27":{"start":{"line":156,"column":6},"end":{"line":159,"column":9}},"28":{"start":{"line":157,"column":21},"end":{"line":157,"column":42}},"29":{"start":{"line":158,"column":8},"end":{"line":158,"column":32}},"30":{"start":{"line":163,"column":2},"end":{"line":171,"column":3}},"31":{"start":{"line":164,"column":17},"end":{"line":164,"column":34}},"32":{"start":{"line":165,"column":4},"end":{"line":170,"column":5}},"33":{"start":{"line":166,"column":6},"end":{"line":169,"column":9}},"34":{"start":{"line":167,"column":21},"end":{"line":167,"column":42}},"35":{"start":{"line":168,"column":8},"end":{"line":168,"column":32}},"36":{"start":{"line":5,"column":13},"end":{"line":172,"column":1}},"37":{"start":{"line":172,"column":0},"end":{"line":172,"column":1}},"38":{"start":{"line":5,"column":13},"end":{"line":5,"column":21}}},"fnMap":{"0":{"name":"(anonymous_2)","decl":{"start":{"line":5,"column":0},"end":{"line":null,"column":-1}},"loc":{"start":{"line":5,"column":0},"end":{"line":5,"column":-1}}},"1":{"name":"Example2","decl":{"start":{"line":25,"column":2},"end":{"line":null,"column":-1}},"loc":{"start":{"line":25,"column":2},"end":{"line":28,"column":3}}},"2":{"name":"(anonymous_4)","decl":{"start":{"line":30,"column":2},"end":{"line":null,"column":-1}},"loc":{"start":{"line":30,"column":2},"end":{"line":34,"column":3}}},"3":{"name":"(anonymous_5)","decl":{"start":{"line":37,"column":2},"end":{"line":null,"column":-1}},"loc":{"start":{"line":37,"column":2},"end":{"line":128,"column":3}}},"4":{"name":"(anonymous_6)","decl":{"start":{"line":130,"column":2},"end":{"line":null,"column":-1}},"loc":{"start":{"line":130,"column":2},"end":{"line":151,"column":3}}},"5":{"name":"(anonymous_7)","decl":{"start":{"line":153,"column":2},"end":{"line":153,"column":28}},"loc":{"start":{"line":153,"column":36},"end":{"line":161,"column":3}}},"6":{"name":"(anonymous_8)","decl":{"start":{"line":156,"column":41},"end":{"line":156,"column":40}},"loc":{"start":{"line":156,"column":44},"end":{"line":159,"column":7}}},"7":{"name":"(anonymous_9)","decl":{"start":{"line":163,"column":2},"end":{"line":163,"column":28}},"loc":{"start":{"line":163,"column":36},"end":{"line":171,"column":3}}},"8":{"name":"(anonymous_10)","decl":{"start":{"line":166,"column":42},"end":{"line":166,"column":41}},"loc":{"start":{"line":166,"column":45},"end":{"line":169,"column":7}}}},"branchMap":{"0":{"loc":{"start":{"line":154,"column":17},"end":{"line":154,"column":21}},"type":"binary-expr","locations":[{"start":{"line":154,"column":17},"end":{"line":154,"column":21}},{"start":{"line":154,"column":25},"end":{"line":154,"column":34}}]},"1":{"loc":{"start":{"line":155,"column":4},"end":{"line":160,"column":5}},"type":"if","locations":[{"start":{"line":155,"column":4},"end":{"line":160,"column":5}},{"start":{"line":155,"column":4},"end":{"line":160,"column":5}}]},"2":{"loc":{"start":{"line":158,"column":15},"end":{"line":158,"column":25}},"type":"binary-expr","locations":[{"start":{"line":158,"column":15},"end":{"line":158,"column":25}},{"start":{"line":158,"column":29},"end":{"line":158,"column":31}}]},"3":{"loc":{"start":{"line":164,"column":17},"end":{"line":164,"column":21}},"type":"binary-expr","locations":[{"start":{"line":164,"column":17},"end":{"line":164,"column":21}},{"start":{"line":164,"column":25},"end":{"line":164,"column":34}}]},"4":{"loc":{"start":{"line":165,"column":4},"end":{"line":170,"column":5}},"type":"if","locations":[{"start":{"line":165,"column":4},"end":{"line":170,"column":5}},{"start":{"line":165,"column":4},"end":{"line":170,"column":5}}]},"5":{"loc":{"start":{"line":165,"column":8},"end":{"line":165,"column":12}},"type":"binary-expr","locations":[{"start":{"line":165,"column":8},"end":{"line":165,"column":12}},{"start":{"line":165,"column":16},"end":{"line":165,"column":40}}]},"6":{"loc":{"start":{"line":168,"column":15},"end":{"line":168,"column":25}},"type":"binary-expr","locations":[{"start":{"line":168,"column":15},"end":{"line":168,"column":25}},{"start":{"line":168,"column":29},"end":{"line":168,"column":31}}]}},"s":{"0":0,"1":0,"2":0,"3":0,"4":0,"5":0,"6":0,"7":0,"8":0,"9":0,"10":0,"11":0,"12":0,"13":0,"14":0,"15":0,"16":0,"17":0,"18":0,"19":0,"20":0,"21":0,"22":0,"23":0,"24":0,"25":0,"26":0,"27":0,"28":0,"29":0,"30":0,"31":0,"32":0,"33":0,"34":0,"35":0,"36":0,"37":0,"38":0},"f":{"0":0,"1":0,"2":0,"3":0,"4":0,"5":0,"6":0,"7":0,"8":0},"b":{"0":[0,0],"1":[0,0],"2":[0,0],"3":[0,0],"4":[0,0],"5":[0,0],"6":[0,0]}}
,"D:\\OwnSyncDev\\GitHub\\aurelia-slickgrid-bs4-demo\\src\\examples\\slickgrid\\example11.ts": {"path":"D:\\OwnSyncDev\\GitHub\\aurelia-slickgrid-bs4-demo\\src\\examples\\slickgrid\\example11.ts","statementMap":{"0":{"start":{"line":1,"column":0},"end":{"line":1,"column":46}},"1":{"start":{"line":2,"column":0},"end":{"line":11,"column":26}},"2":{"start":{"line":12,"column":0},"end":{"line":12,"column":30}},"3":{"start":{"line":15,"column":0},"end":{"line":244,"column":0}},"4":{"start":{"line":16,"column":2},"end":{"line":16,"column":65}},"5":{"start":{"line":17,"column":2},"end":{"line":34,"column":6}},"6":{"start":{"line":47,"column":4},"end":{"line":47,"column":22}},"7":{"start":{"line":50,"column":2},"end":{"line":53,"column":3}},"8":{"start":{"line":52,"column":4},"end":{"line":52,"column":19}},"9":{"start":{"line":55,"column":2},"end":{"line":67,"column":3}},"10":{"start":{"line":56,"column":4},"end":{"line":56,"column":35}},"11":{"start":{"line":57,"column":4},"end":{"line":57,"column":41}},"12":{"start":{"line":58,"column":4},"end":{"line":58,"column":38}},"13":{"start":{"line":59,"column":4},"end":{"line":59,"column":47}},"14":{"start":{"line":70,"column":2},"end":{"line":152,"column":3}},"15":{"start":{"line":70,"column":2},"end":{"line":152,"column":2}},"16":{"start":{"line":71,"column":4},"end":{"line":139,"column":6}},"17":{"start":{"line":81,"column":10},"end":{"line":81,"column":28}},"18":{"start":{"line":82,"column":10},"end":{"line":84,"column":11}},"19":{"start":{"line":83,"column":12},"end":{"line":83,"column":85}},"20":{"start":{"line":103,"column":10},"end":{"line":103,"column":75}},"21":{"start":{"line":104,"column":10},"end":{"line":104,"column":28}},"22":{"start":{"line":141,"column":4},"end":{"line":151,"column":6}},"23":{"start":{"line":154,"column":2},"end":{"line":175,"column":3}},"24":{"start":{"line":156,"column":26},"end":{"line":156,"column":28}},"25":{"start":{"line":157,"column":4},"end":{"line":173,"column":5}},"26":{"start":{"line":158,"column":25},"end":{"line":158,"column":62}},"27":{"start":{"line":159,"column":26},"end":{"line":159,"column":56}},"28":{"start":{"line":160,"column":24},"end":{"line":160,"column":56}},"29":{"start":{"line":161,"column":28},"end":{"line":161,"column":59}},"30":{"start":{"line":163,"column":6},"end":{"line":172,"column":8}},"31":{"start":{"line":174,"column":4},"end":{"line":174,"column":33}},"32":{"start":{"line":177,"column":2},"end":{"line":195,"column":3}},"33":{"start":{"line":178,"column":18},"end":{"line":178,"column":37}},"34":{"start":{"line":179,"column":23},"end":{"line":179,"column":60}},"35":{"start":{"line":180,"column":24},"end":{"line":180,"column":54}},"36":{"start":{"line":181,"column":22},"end":{"line":181,"column":54}},"37":{"start":{"line":182,"column":26},"end":{"line":182,"column":57}},"38":{"start":{"line":184,"column":20},"end":{"line":193,"column":5}},"39":{"start":{"line":194,"column":4},"end":{"line":194,"column":60}},"40":{"start":{"line":198,"column":2},"end":{"line":205,"column":3}},"41":{"start":{"line":199,"column":4},"end":{"line":199,"column":108}},"42":{"start":{"line":201,"column":4},"end":{"line":201,"column":27}},"43":{"start":{"line":202,"column":4},"end":{"line":202,"column":23}},"44":{"start":{"line":208,"column":2},"end":{"line":210,"column":3}},"45":{"start":{"line":209,"column":4},"end":{"line":209,"column":55}},"46":{"start":{"line":216,"column":2},"end":{"line":234,"column":3}},"47":{"start":{"line":216,"column":2},"end":{"line":234,"column":2}},"48":{"start":{"line":217,"column":24},"end":{"line":217,"column":37}},"49":{"start":{"line":218,"column":4},"end":{"line":233,"column":6}},"50":{"start":{"line":219,"column":19},"end":{"line":219,"column":51}},"51":{"start":{"line":220,"column":17},"end":{"line":222,"column":7}},"52":{"start":{"line":223,"column":6},"end":{"line":225,"column":7}},"53":{"start":{"line":224,"column":8},"end":{"line":224,"column":47}},"54":{"start":{"line":226,"column":6},"end":{"line":231,"column":7}},"55":{"start":{"line":227,"column":25},"end":{"line":227,"column":39}},"56":{"start":{"line":228,"column":8},"end":{"line":230,"column":9}},"57":{"start":{"line":229,"column":10},"end":{"line":229,"column":72}},"58":{"start":{"line":232,"column":6},"end":{"line":232,"column":18}},"59":{"start":{"line":236,"column":2},"end":{"line":243,"column":3}},"60":{"start":{"line":237,"column":24},"end":{"line":237,"column":78}},"61":{"start":{"line":238,"column":4},"end":{"line":238,"column":59}},"62":{"start":{"line":239,"column":4},"end":{"line":239,"column":65}},"63":{"start":{"line":15,"column":13},"end":{"line":244,"column":1}},"64":{"start":{"line":244,"column":0},"end":{"line":244,"column":1}},"65":{"start":{"line":15,"column":13},"end":{"line":15,"column":22}}},"fnMap":{"0":{"name":"(anonymous_2)","decl":{"start":{"line":15,"column":0},"end":{"line":null,"column":-1}},"loc":{"start":{"line":15,"column":0},"end":{"line":15,"column":-1}}},"1":{"name":"Example11","decl":{"start":{"line":45,"column":2},"end":{"line":null,"column":-1}},"loc":{"start":{"line":45,"column":2},"end":{"line":48,"column":3}}},"2":{"name":"(anonymous_4)","decl":{"start":{"line":50,"column":2},"end":{"line":null,"column":-1}},"loc":{"start":{"line":50,"column":2},"end":{"line":53,"column":3}}},"3":{"name":"(anonymous_5)","decl":{"start":{"line":55,"column":2},"end":{"line":55,"column":18}},"loc":{"start":{"line":55,"column":51},"end":{"line":67,"column":3}}},"4":{"name":"(anonymous_6)","decl":{"start":{"line":70,"column":2},"end":{"line":null,"column":-1}},"loc":{"start":{"line":70,"column":2},"end":{"line":152,"column":3}}},"5":{"name":"(anonymous_7)","decl":{"start":{"line":80,"column":21},"end":{"line":80,"column":21}},"loc":{"start":{"line":80,"column":49},"end":{"line":85,"column":9}}},"6":{"name":"(anonymous_8)","decl":{"start":{"line":102,"column":22},"end":{"line":102,"column":22}},"loc":{"start":{"line":102,"column":50},"end":{"line":105,"column":9}}},"7":{"name":"(anonymous_9)","decl":{"start":{"line":154,"column":2},"end":{"line":null,"column":-1}},"loc":{"start":{"line":154,"column":2},"end":{"line":175,"column":3}}},"8":{"name":"(anonymous_10)","decl":{"start":{"line":177,"column":2},"end":{"line":null,"column":-1}},"loc":{"start":{"line":177,"column":2},"end":{"line":195,"column":3}}},"9":{"name":"(anonymous_11)","decl":{"start":{"line":198,"column":2},"end":{"line":null,"column":-1}},"loc":{"start":{"line":198,"column":2},"end":{"line":205,"column":3}}},"10":{"name":"(anonymous_12)","decl":{"start":{"line":208,"column":2},"end":{"line":null,"column":-1}},"loc":{"start":{"line":208,"column":2},"end":{"line":210,"column":3}}},"11":{"name":"(anonymous_13)","decl":{"start":{"line":216,"column":2},"end":{"line":216,"column":37}},"loc":{"start":{"line":216,"column":63},"end":{"line":234,"column":3}}},"12":{"name":"(anonymous_14)","decl":{"start":{"line":218,"column":11},"end":{"line":218,"column":11}},"loc":{"start":{"line":218,"column":29},"end":{"line":233,"column":5}}},"13":{"name":"(anonymous_15)","decl":{"start":{"line":236,"column":2},"end":{"line":null,"column":-1}},"loc":{"start":{"line":236,"column":2},"end":{"line":243,"column":3}}}},"branchMap":{"0":{"loc":{"start":{"line":82,"column":10},"end":{"line":84,"column":11}},"type":"if","locations":[{"start":{"line":82,"column":10},"end":{"line":84,"column":11}},{"start":{"line":82,"column":10},"end":{"line":84,"column":11}}]},"1":{"loc":{"start":{"line":223,"column":6},"end":{"line":225,"column":7}},"type":"if","locations":[{"start":{"line":223,"column":6},"end":{"line":225,"column":7}},{"start":{"line":223,"column":6},"end":{"line":225,"column":7}}]},"2":{"loc":{"start":{"line":226,"column":6},"end":{"line":231,"column":7}},"type":"if","locations":[{"start":{"line":226,"column":6},"end":{"line":231,"column":7}},{"start":{"line":226,"column":6},"end":{"line":231,"column":7}}]},"3":{"loc":{"start":{"line":226,"column":10},"end":{"line":226,"column":14}},"type":"binary-expr","locations":[{"start":{"line":226,"column":10},"end":{"line":226,"column":14}},{"start":{"line":226,"column":18},"end":{"line":226,"column":22}},{"start":{"line":226,"column":26},"end":{"line":226,"column":39}}]},"4":{"loc":{"start":{"line":228,"column":8},"end":{"line":230,"column":9}},"type":"if","locations":[{"start":{"line":228,"column":8},"end":{"line":230,"column":9}},{"start":{"line":228,"column":8},"end":{"line":230,"column":9}}]},"5":{"loc":{"start":{"line":229,"column":29},"end":{"line":229,"column":44}},"type":"binary-expr","locations":[{"start":{"line":229,"column":29},"end":{"line":229,"column":44}},{"start":{"line":229,"column":48},"end":{"line":229,"column":50}}]}},"s":{"0":0,"1":0,"2":0,"3":0,"4":0,"5":0,"6":0,"7":0,"8":0,"9":0,"10":0,"11":0,"12":0,"13":0,"14":0,"15":0,"16":0,"17":0,"18":0,"19":0,"20":0,"21":0,"22":0,"23":0,"24":0,"25":0,"26":0,"27":0,"28":0,"29":0,"30":0,"31":0,"32":0,"33":0,"34":0,"35":0,"36":0,"37":0,"38":0,"39":0,"40":0,"41":0,"42":0,"43":0,"44":0,"45":0,"46":0,"47":0,"48":0,"49":0,"50":0,"51":0,"52":0,"53":0,"54":0,"55":0,"56":0,"57":0,"58":0,"59":0,"60":0,"61":0,"62":0,"63":0,"64":0,"65":0},"f":{"0":0,"1":0,"2":0,"3":0,"4":0,"5":0,"6":0,"7":0,"8":0,"9":0,"10":0,"11":0,"12":0,"13":0},"b":{"0":[0,0],"1":[0,0],"2":[0,0],"3":[0,0,0],"4":[0,0],"5":[0,0]}}
,"D:\\OwnSyncDev\\GitHub\\aurelia-slickgrid-bs4-demo\\src\\examples\\slickgrid\\example12.ts": {"path":"D:\\OwnSyncDev\\GitHub\\aurelia-slickgrid-bs4-demo\\src\\examples\\slickgrid\\example12.ts","statementMap":{"0":{"start":{"line":1,"column":0},"end":{"line":1,"column":46}},"1":{"start":{"line":2,"column":0},"end":{"line":2,"column":35}},"2":{"start":{"line":3,"column":0},"end":{"line":13,"column":26}},"3":{"start":{"line":16,"column":0},"end":{"line":176,"column":0}},"4":{"start":{"line":52,"column":2},"end":{"line":56,"column":2}},"5":{"start":{"line":52,"column":22},"end":{"line":52,"column":32}},"6":{"start":{"line":17,"column":2},"end":{"line":17,"column":44}},"7":{"start":{"line":18,"column":2},"end":{"line":43,"column":6}},"8":{"start":{"line":50,"column":2},"end":{"line":50,"column":32}},"9":{"start":{"line":173,"column":2},"end":{"line":175,"column":3}},"10":{"start":{"line":174,"column":4},"end":{"line":174,"column":48}},"11":{"start":{"line":54,"column":4},"end":{"line":54,"column":22}},"12":{"start":{"line":55,"column":4},"end":{"line":55,"column":50}},"13":{"start":{"line":58,"column":2},"end":{"line":61,"column":3}},"14":{"start":{"line":60,"column":4},"end":{"line":60,"column":19}},"15":{"start":{"line":63,"column":2},"end":{"line":65,"column":3}},"16":{"start":{"line":64,"column":4},"end":{"line":64,"column":35}},"17":{"start":{"line":68,"column":2},"end":{"line":131,"column":3}},"18":{"start":{"line":69,"column":4},"end":{"line":109,"column":6}},"19":{"start":{"line":111,"column":4},"end":{"line":130,"column":6}},"20":{"start":{"line":133,"column":2},"end":{"line":152,"column":3}},"21":{"start":{"line":135,"column":4},"end":{"line":135,"column":22}},"22":{"start":{"line":136,"column":4},"end":{"line":151,"column":5}},"23":{"start":{"line":137,"column":25},"end":{"line":137,"column":62}},"24":{"start":{"line":138,"column":26},"end":{"line":138,"column":56}},"25":{"start":{"line":139,"column":24},"end":{"line":139,"column":56}},"26":{"start":{"line":140,"column":28},"end":{"line":140,"column":59}},"27":{"start":{"line":142,"column":6},"end":{"line":150,"column":8}},"28":{"start":{"line":154,"column":2},"end":{"line":157,"column":3}},"29":{"start":{"line":155,"column":19},"end":{"line":155,"column":236}},"30":{"start":{"line":156,"column":4},"end":{"line":156,"column":40}},"31":{"start":{"line":159,"column":2},"end":{"line":165,"column":3}},"32":{"start":{"line":159,"column":15},"end":{"line":159,"column":27}},"33":{"start":{"line":160,"column":4},"end":{"line":164,"column":7}},"34":{"start":{"line":167,"column":2},"end":{"line":170,"column":3}},"35":{"start":{"line":168,"column":4},"end":{"line":168,"column":75}},"36":{"start":{"line":169,"column":4},"end":{"line":169,"column":47}},"37":{"start":{"line":16,"column":13},"end":{"line":176,"column":1}},"38":{"start":{"line":176,"column":0},"end":{"line":176,"column":1}},"39":{"start":{"line":16,"column":13},"end":{"line":16,"column":22}}},"fnMap":{"0":{"name":"(anonymous_2)","decl":{"start":{"line":16,"column":0},"end":{"line":null,"column":-1}},"loc":{"start":{"line":16,"column":0},"end":{"line":16,"column":-1}}},"1":{"name":"Example12","decl":{"start":{"line":52,"column":2},"end":{"line":52,"column":21}},"loc":{"start":{"line":52,"column":32},"end":{"line":56,"column":3}}},"2":{"name":"(anonymous_4)","decl":{"start":{"line":173,"column":38},"end":{"line":173,"column":38}},"loc":{"start":{"line":173,"column":79},"end":{"line":175,"column":3}}},"3":{"name":"(anonymous_5)","decl":{"start":{"line":58,"column":2},"end":{"line":null,"column":-1}},"loc":{"start":{"line":58,"column":2},"end":{"line":61,"column":3}}},"4":{"name":"(anonymous_6)","decl":{"start":{"line":63,"column":2},"end":{"line":63,"column":18}},"loc":{"start":{"line":63,"column":51},"end":{"line":65,"column":3}}},"5":{"name":"(anonymous_7)","decl":{"start":{"line":68,"column":2},"end":{"line":null,"column":-1}},"loc":{"start":{"line":68,"column":2},"end":{"line":131,"column":3}}},"6":{"name":"(anonymous_8)","decl":{"start":{"line":133,"column":2},"end":{"line":null,"column":-1}},"loc":{"start":{"line":133,"column":2},"end":{"line":152,"column":3}}},"7":{"name":"(anonymous_9)","decl":{"start":{"line":154,"column":2},"end":{"line":null,"column":-1}},"loc":{"start":{"line":154,"column":2},"end":{"line":157,"column":3}}},"8":{"name":"(anonymous_10)","decl":{"start":{"line":159,"column":2},"end":{"line":159,"column":14}},"loc":{"start":{"line":159,"column":27},"end":{"line":165,"column":3}}},"9":{"name":"(anonymous_11)","decl":{"start":{"line":167,"column":2},"end":{"line":null,"column":-1}},"loc":{"start":{"line":167,"column":2},"end":{"line":170,"column":3}}}},"branchMap":{"0":{"loc":{"start":{"line":144,"column":31},"end":{"line":144,"column":42}},"type":"cond-expr","locations":[{"start":{"line":144,"column":31},"end":{"line":144,"column":42}},{"start":{"line":144,"column":45},"end":{"line":144,"column":59}}]},"1":{"loc":{"start":{"line":148,"column":39},"end":{"line":148,"column":43}},"type":"cond-expr","locations":[{"start":{"line":148,"column":39},"end":{"line":148,"column":43}},{"start":{"line":148,"column":46},"end":{"line":148,"column":51}}]},"2":{"loc":{"start":{"line":149,"column":35},"end":{"line":149,"column":41}},"type":"cond-expr","locations":[{"start":{"line":149,"column":35},"end":{"line":149,"column":41}},{"start":{"line":149,"column":44},"end":{"line":149,"column":51}}]},"3":{"loc":{"start":{"line":159,"column":15},"end":{"line":159,"column":27}},"type":"if","locations":[{"start":{"line":159,"column":15},"end":{"line":159,"column":27}},{"start":{"line":159,"column":15},"end":{"line":159,"column":27}}]},"4":{"loc":{"start":{"line":161,"column":36},"end":{"line":161,"column":55}},"type":"cond-expr","locations":[{"start":{"line":161,"column":36},"end":{"line":161,"column":55}},{"start":{"line":161,"column":58},"end":{"line":161,"column":75}}]},"5":{"loc":{"start":{"line":163,"column":33},"end":{"line":163,"column":45}},"type":"cond-expr","locations":[{"start":{"line":163,"column":33},"end":{"line":163,"column":45}},{"start":{"line":163,"column":48},"end":{"line":163,"column":60}}]},"6":{"loc":{"start":{"line":168,"column":63},"end":{"line":168,"column":67}},"type":"cond-expr","locations":[{"start":{"line":168,"column":63},"end":{"line":168,"column":67}},{"start":{"line":168,"column":70},"end":{"line":168,"column":74}}]}},"s":{"0":0,"1":0,"2":0,"3":0,"4":0,"5":0,"6":0,"7":0,"8":0,"9":0,"10":0,"11":0,"12":0,"13":0,"14":0,"15":0,"16":0,"17":0,"18":0,"19":0,"20":0,"21":0,"22":0,"23":0,"24":0,"25":0,"26":0,"27":0,"28":0,"29":0,"30":0,"31":0,"32":0,"33":0,"34":0,"35":0,"36":0,"37":0,"38":0,"39":0},"f":{"0":0,"1":0,"2":0,"3":0,"4":0,"5":0,"6":0,"7":0,"8":0,"9":0},"b":{"0":[0,0],"1":[0,0],"2":[0,0],"3":[0,0],"4":[0,0],"5":[0,0],"6":[0,0]}}
,"D:\\OwnSyncDev\\GitHub\\aurelia-slickgrid-bs4-demo\\src\\examples\\slickgrid\\example13.ts": {"path":"D:\\OwnSyncDev\\GitHub\\aurelia-slickgrid-bs4-demo\\src\\examples\\slickgrid\\example13.ts","statementMap":{"0":{"start":{"line":1,"column":0},"end":{"line":1,"column":46}},"1":{"start":{"line":2,"column":0},"end":{"line":2,"column":72}},"2":{"start":{"line":3,"column":0},"end":{"line":3,"column":142}},"3":{"start":{"line":6,"column":0},"end":{"line":265,"column":0}},"4":{"start":{"line":25,"column":22},"end":{"line":25,"column":41}},"5":{"start":{"line":7,"column":2},"end":{"line":7,"column":47}},"6":{"start":{"line":8,"column":2},"end":{"line":15,"column":4}},"7":{"start":{"line":21,"column":2},"end":{"line":21,"column":21}},"8":{"start":{"line":27,"column":4},"end":{"line":27,"column":22}},"9":{"start":{"line":30,"column":2},"end":{"line":36,"column":3}},"10":{"start":{"line":30,"column":2},"end":{"line":36,"column":2}},"11":{"start":{"line":32,"column":4},"end":{"line":32,"column":23}},"12":{"start":{"line":34,"column":4},"end":{"line":34,"column":105}},"13":{"start":{"line":34,"column":81},"end":{"line":34,"column":103}},"14":{"start":{"line":35,"column":4},"end":{"line":35,"column":104}},"15":{"start":{"line":35,"column":79},"end":{"line":35,"column":102}},"16":{"start":{"line":38,"column":2},"end":{"line":41,"column":3}},"17":{"start":{"line":39,"column":4},"end":{"line":39,"column":36}},"18":{"start":{"line":40,"column":4},"end":{"line":40,"column":37}},"19":{"start":{"line":44,"column":2},"end":{"line":119,"column":3}},"20":{"start":{"line":45,"column":4},"end":{"line":107,"column":6}},"21":{"start":{"line":109,"column":4},"end":{"line":118,"column":6}},"22":{"start":{"line":121,"column":2},"end":{"line":143,"column":3}},"23":{"start":{"line":123,"column":4},"end":{"line":123,"column":22}},"24":{"start":{"line":124,"column":4},"end":{"line":142,"column":5}},"25":{"start":{"line":125,"column":25},"end":{"line":125,"column":62}},"26":{"start":{"line":126,"column":26},"end":{"line":126,"column":56}},"27":{"start":{"line":127,"column":24},"end":{"line":127,"column":56}},"28":{"start":{"line":128,"column":28},"end":{"line":128,"column":59}},"29":{"start":{"line":130,"column":6},"end":{"line":141,"column":8}},"30":{"start":{"line":145,"column":2},"end":{"line":147,"column":3}},"31":{"start":{"line":146,"column":4},"end":{"line":146,"column":32}},"32":{"start":{"line":149,"column":2},"end":{"line":151,"column":3}},"33":{"start":{"line":150,"column":4},"end":{"line":150,"column":37}},"34":{"start":{"line":153,"column":2},"end":{"line":155,"column":3}},"35":{"start":{"line":154,"column":4},"end":{"line":154,"column":41}},"36":{"start":{"line":157,"column":2},"end":{"line":159,"column":3}},"37":{"start":{"line":158,"column":4},"end":{"line":158,"column":39}},"38":{"start":{"line":161,"column":2},"end":{"line":177,"column":3}},"39":{"start":{"line":162,"column":4},"end":{"line":176,"column":7}},"40":{"start":{"line":165,"column":8},"end":{"line":165,"column":91}},"41":{"start":{"line":168,"column":8},"end":{"line":168,"column":74}},"42":{"start":{"line":179,"column":2},"end":{"line":195,"column":3}},"43":{"start":{"line":180,"column":4},"end":{"line":194,"column":7}},"44":{"start":{"line":183,"column":8},"end":{"line":183,"column":91}},"45":{"start":{"line":186,"column":8},"end":{"line":186,"column":33}},"46":{"start":{"line":197,"column":2},"end":{"line":224,"column":3}},"47":{"start":{"line":198,"column":4},"end":{"line":223,"column":7}},"48":{"start":{"line":202,"column":10},"end":{"line":202,"column":94}},"49":{"start":{"line":214,"column":10},"end":{"line":214,"column":119}},"50":{"start":{"line":226,"column":2},"end":{"line":264,"column":3}},"51":{"start":{"line":227,"column":4},"end":{"line":263,"column":7}},"52":{"start":{"line":231,"column":10},"end":{"line":231,"column":94}},"53":{"start":{"line":243,"column":10},"end":{"line":243,"column":120}},"54":{"start":{"line":254,"column":10},"end":{"line":254,"column":96}},"55":{"start":{"line":6,"column":13},"end":{"line":265,"column":1}},"56":{"start":{"line":265,"column":0},"end":{"line":265,"column":1}},"57":{"start":{"line":6,"column":13},"end":{"line":6,"column":22}}},"fnMap":{"0":{"name":"(anonymous_2)","decl":{"start":{"line":6,"column":0},"end":{"line":null,"column":-1}},"loc":{"start":{"line":6,"column":0},"end":{"line":6,"column":-1}}},"1":{"name":"Example13","decl":{"start":{"line":25,"column":2},"end":{"line":25,"column":21}},"loc":{"start":{"line":25,"column":41},"end":{"line":28,"column":3}}},"2":{"name":"(anonymous_4)","decl":{"start":{"line":30,"column":2},"end":{"line":null,"column":-1}},"loc":{"start":{"line":30,"column":2},"end":{"line":36,"column":3}}},"3":{"name":"(anonymous_5)","decl":{"start":{"line":34,"column":75},"end":{"line":34,"column":80}},"loc":{"start":{"line":34,"column":75},"end":{"line":34,"column":103}}},"4":{"name":"(anonymous_6)","decl":{"start":{"line":35,"column":73},"end":{"line":35,"column":78}},"loc":{"start":{"line":35,"column":73},"end":{"line":35,"column":102}}},"5":{"name":"(anonymous_7)","decl":{"start":{"line":38,"column":2},"end":{"line":null,"column":-1}},"loc":{"start":{"line":38,"column":2},"end":{"line":41,"column":3}}},"6":{"name":"(anonymous_8)","decl":{"start":{"line":44,"column":2},"end":{"line":null,"column":-1}},"loc":{"start":{"line":44,"column":2},"end":{"line":119,"column":3}}},"7":{"name":"(anonymous_9)","decl":{"start":{"line":121,"column":2},"end":{"line":121,"column":10}},"loc":{"start":{"line":121,"column":27},"end":{"line":143,"column":3}}},"8":{"name":"(anonymous_10)","decl":{"start":{"line":145,"column":2},"end":{"line":145,"column":19}},"loc":{"start":{"line":145,"column":28},"end":{"line":147,"column":3}}},"9":{"name":"(anonymous_11)","decl":{"start":{"line":149,"column":2},"end":{"line":null,"column":-1}},"loc":{"start":{"line":149,"column":2},"end":{"line":151,"column":3}}},"10":{"name":"(anonymous_12)","decl":{"start":{"line":153,"column":2},"end":{"line":null,"column":-1}},"loc":{"start":{"line":153,"column":2},"end":{"line":155,"column":3}}},"11":{"name":"(anonymous_13)","decl":{"start":{"line":157,"column":2},"end":{"line":null,"column":-1}},"loc":{"start":{"line":157,"column":2},"end":{"line":159,"column":3}}},"12":{"name":"(anonymous_14)","decl":{"start":{"line":161,"column":2},"end":{"line":null,"column":-1}},"loc":{"start":{"line":161,"column":2},"end":{"line":177,"column":3}}},"13":{"name":"(anonymous_15)","decl":{"start":{"line":164,"column":17},"end":{"line":164,"column":17}},"loc":{"start":{"line":164,"column":19},"end":{"line":166,"column":7}}},"14":{"name":"(anonymous_16)","decl":{"start":{"line":167,"column":16},"end":{"line":167,"column":16}},"loc":{"start":{"line":167,"column":21},"end":{"line":169,"column":7}}},"15":{"name":"(anonymous_17)","decl":{"start":{"line":179,"column":2},"end":{"line":179,"column":29}},"loc":{"start":{"line":179,"column":48},"end":{"line":195,"column":3}}},"16":{"name":"(anonymous_18)","decl":{"start":{"line":182,"column":17},"end":{"line":182,"column":17}},"loc":{"start":{"line":182,"column":19},"end":{"line":184,"column":7}}},"17":{"name":"(anonymous_19)","decl":{"start":{"line":185,"column":16},"end":{"line":185,"column":16}},"loc":{"start":{"line":185,"column":21},"end":{"line":187,"column":7}}},"18":{"name":"(anonymous_20)","decl":{"start":{"line":197,"column":2},"end":{"line":null,"column":-1}},"loc":{"start":{"line":197,"column":2},"end":{"line":224,"column":3}}},"19":{"name":"(anonymous_21)","decl":{"start":{"line":201,"column":19},"end":{"line":201,"column":19}},"loc":{"start":{"line":201,"column":21},"end":{"line":203,"column":9}}},"20":{"name":"(anonymous_22)","decl":{"start":{"line":213,"column":19},"end":{"line":213,"column":19}},"loc":{"start":{"line":213,"column":21},"end":{"line":215,"column":9}}},"21":{"name":"(anonymous_23)","decl":{"start":{"line":226,"column":2},"end":{"line":null,"column":-1}},"loc":{"start":{"line":226,"column":2},"end":{"line":264,"column":3}}},"22":{"name":"(anonymous_24)","decl":{"start":{"line":230,"column":19},"end":{"line":230,"column":19}},"loc":{"start":{"line":230,"column":21},"end":{"line":232,"column":9}}},"23":{"name":"(anonymous_25)","decl":{"start":{"line":242,"column":19},"end":{"line":242,"column":19}},"loc":{"start":{"line":242,"column":21},"end":{"line":244,"column":9}}},"24":{"name":"(anonymous_26)","decl":{"start":{"line":253,"column":19},"end":{"line":253,"column":19}},"loc":{"start":{"line":253,"column":21},"end":{"line":255,"column":9}}}},"branchMap":{"0":{"loc":{"start":{"line":214,"column":47},"end":{"line":214,"column":53}},"type":"cond-expr","locations":[{"start":{"line":214,"column":47},"end":{"line":214,"column":53}},{"start":{"line":214,"column":56},"end":{"line":214,"column":63}}]},"1":{"loc":{"start":{"line":243,"column":47},"end":{"line":243,"column":53}},"type":"cond-expr","locations":[{"start":{"line":243,"column":47},"end":{"line":243,"column":53}},{"start":{"line":243,"column":56},"end":{"line":243,"column":63}}]}},"s":{"0":0,"1":0,"2":0,"3":0,"4":0,"5":0,"6":0,"7":0,"8":0,"9":0,"10":0,"11":0,"12":0,"13":0,"14":0,"15":0,"16":0,"17":0,"18":0,"19":0,"20":0,"21":0,"22":0,"23":0,"24":0,"25":0,"26":0,"27":0,"28":0,"29":0,"30":0,"31":0,"32":0,"33":0,"34":0,"35":0,"36":0,"37":0,"38":0,"39":0,"40":0,"41":0,"42":0,"43":0,"44":0,"45":0,"46":0,"47":0,"48":0,"49":0,"50":0,"51":0,"52":0,"53":0,"54":0,"55":0,"56":0,"57":0},"f":{"0":0,"1":0,"2":0,"3":0,"4":0,"5":0,"6":0,"7":0,"8":0,"9":0,"10":0,"11":0,"12":0,"13":0,"14":0,"15":0,"16":0,"17":0,"18":0,"19":0,"20":0,"21":0,"22":0,"23":0,"24":0},"b":{"0":[0,0],"1":[0,0]}}
,"D:\\OwnSyncDev\\GitHub\\aurelia-slickgrid-bs4-demo\\src\\examples\\slickgrid\\example14.ts": {"path":"D:\\OwnSyncDev\\GitHub\\aurelia-slickgrid-bs4-demo\\src\\examples\\slickgrid\\example14.ts","statementMap":{"0":{"start":{"line":1,"column":0},"end":{"line":1,"column":65}},"1":{"start":{"line":3,"column":0},"end":{"line":96,"column":0}},"2":{"start":{"line":4,"column":2},"end":{"line":4,"column":54}},"3":{"start":{"line":5,"column":2},"end":{"line":18,"column":4}},"4":{"start":{"line":21,"column":2},"end":{"line":21,"column":15}},"5":{"start":{"line":25,"column":4},"end":{"line":25,"column":22}},"6":{"start":{"line":28,"column":2},"end":{"line":31,"column":3}},"7":{"start":{"line":30,"column":4},"end":{"line":30,"column":19}},"8":{"start":{"line":33,"column":2},"end":{"line":54,"column":3}},"9":{"start":{"line":34,"column":4},"end":{"line":41,"column":6}},"10":{"start":{"line":43,"column":4},"end":{"line":53,"column":6}},"11":{"start":{"line":56,"column":2},"end":{"line":70,"column":3}},"12":{"start":{"line":58,"column":4},"end":{"line":58,"column":22}},"13":{"start":{"line":59,"column":4},"end":{"line":69,"column":5}},"14":{"start":{"line":60,"column":6},"end":{"line":68,"column":8}},"15":{"start":{"line":77,"column":2},"end":{"line":95,"column":3}},"16":{"start":{"line":78,"column":4},"end":{"line":94,"column":5}},"17":{"start":{"line":79,"column":6},"end":{"line":85,"column":8}},"18":{"start":{"line":87,"column":6},"end":{"line":93,"column":8}},"19":{"start":{"line":96,"column":0},"end":{"line":96,"column":1}},"20":{"start":{"line":3,"column":13},"end":{"line":3,"column":22}}},"fnMap":{"0":{"name":"(anonymous_0)","decl":{"start":{"line":3,"column":0},"end":{"line":null,"column":-1}},"loc":{"start":{"line":3,"column":0},"end":{"line":3,"column":-1}}},"1":{"name":"Example14","decl":{"start":{"line":23,"column":2},"end":{"line":null,"column":-1}},"loc":{"start":{"line":23,"column":2},"end":{"line":26,"column":3}}},"2":{"name":"(anonymous_2)","decl":{"start":{"line":28,"column":2},"end":{"line":null,"column":-1}},"loc":{"start":{"line":28,"column":2},"end":{"line":31,"column":3}}},"3":{"name":"(anonymous_3)","decl":{"start":{"line":33,"column":2},"end":{"line":null,"column":-1}},"loc":{"start":{"line":33,"column":2},"end":{"line":54,"column":3}}},"4":{"name":"(anonymous_4)","decl":{"start":{"line":56,"column":2},"end":{"line":null,"column":-1}},"loc":{"start":{"line":56,"column":2},"end":{"line":70,"column":3}}},"5":{"name":"(anonymous_5)","decl":{"start":{"line":77,"column":2},"end":{"line":77,"column":24}},"loc":{"start":{"line":77,"column":34},"end":{"line":95,"column":3}}}},"branchMap":{"0":{"loc":{"start":{"line":78,"column":4},"end":{"line":94,"column":5}},"type":"if","locations":[{"start":{"line":78,"column":4},"end":{"line":94,"column":5}},{"start":{"line":78,"column":4},"end":{"line":94,"column":5}}]}},"s":{"0":0,"1":0,"2":0,"3":0,"4":0,"5":0,"6":0,"7":0,"8":0,"9":0,"10":0,"11":0,"12":0,"13":0,"14":0,"15":0,"16":0,"17":0,"18":0,"19":0,"20":0},"f":{"0":0,"1":0,"2":0,"3":0,"4":0,"5":0},"b":{"0":[0,0]}}
,"D:\\OwnSyncDev\\GitHub\\aurelia-slickgrid-bs4-demo\\src\\examples\\slickgrid\\example15.ts": {"path":"D:\\OwnSyncDev\\GitHub\\aurelia-slickgrid-bs4-demo\\src\\examples\\slickgrid\\example15.ts","statementMap":{"0":{"start":{"line":1,"column":0},"end":{"line":1,"column":35}},"1":{"start":{"line":2,"column":0},"end":{"line":2,"column":46}},"2":{"start":{"line":3,"column":0},"end":{"line":3,"column":135}},"3":{"start":{"line":6,"column":2},"end":{"line":6,"column":59}},"4":{"start":{"line":8,"column":26},"end":{"line":8,"column":37}},"5":{"start":{"line":9,"column":17},"end":{"line":9,"column":20}},"6":{"start":{"line":12,"column":0},"end":{"line":216,"column":0}},"7":{"start":{"line":32,"column":22},"end":{"line":32,"column":32}},"8":{"start":{"line":13,"column":2},"end":{"line":13,"column":65}},"9":{"start":{"line":14,"column":2},"end":{"line":24,"column":2}},"10":{"start":{"line":33,"column":20},"end":{"line":33,"column":71}},"11":{"start":{"line":38,"column":4},"end":{"line":38,"column":29}},"12":{"start":{"line":39,"column":4},"end":{"line":39,"column":50}},"13":{"start":{"line":42,"column":2},"end":{"line":45,"column":3}},"14":{"start":{"line":44,"column":4},"end":{"line":44,"column":19}},"15":{"start":{"line":47,"column":2},"end":{"line":49,"column":3}},"16":{"start":{"line":48,"column":4},"end":{"line":48,"column":32}},"17":{"start":{"line":51,"column":2},"end":{"line":53,"column":3}},"18":{"start":{"line":52,"column":4},"end":{"line":52,"column":35}},"19":{"start":{"line":56,"column":2},"end":{"line":59,"column":3}},"20":{"start":{"line":57,"column":4},"end":{"line":57,"column":43}},"21":{"start":{"line":58,"column":4},"end":{"line":58,"column":67}},"22":{"start":{"line":62,"column":2},"end":{"line":142,"column":3}},"23":{"start":{"line":64,"column":35},"end":{"line":64,"column":37}},"24":{"start":{"line":65,"column":4},"end":{"line":67,"column":5}},"25":{"start":{"line":66,"column":6},"end":{"line":66,"column":58}},"26":{"start":{"line":69,"column":4},"end":{"line":124,"column":6}},"27":{"start":{"line":126,"column":4},"end":{"line":135,"column":6}},"28":{"start":{"line":139,"column":4},"end":{"line":141,"column":5}},"29":{"start":{"line":140,"column":6},"end":{"line":140,"column":50}},"30":{"start":{"line":144,"column":2},"end":{"line":171,"column":3}},"31":{"start":{"line":146,"column":4},"end":{"line":146,"column":22}},"32":{"start":{"line":147,"column":4},"end":{"line":170,"column":5}},"33":{"start":{"line":148,"column":29},"end":{"line":148,"column":60}},"34":{"start":{"line":149,"column":25},"end":{"line":149,"column":50}},"35":{"start":{"line":150,"column":30},"end":{"line":150,"column":51}},"36":{"start":{"line":151,"column":26},"end":{"line":151,"column":46}},"37":{"start":{"line":152,"column":29},"end":{"line":152,"column":81}},"38":{"start":{"line":153,"column":24},"end":{"line":153,"column":45}},"39":{"start":{"line":154,"column":28},"end":{"line":154,"column":49}},"40":{"start":{"line":155,"column":25},"end":{"line":155,"column":46}},"41":{"start":{"line":156,"column":25},"end":{"line":156,"column":46}},"42":{"start":{"line":158,"column":6},"end":{"line":169,"column":8}},"43":{"start":{"line":174,"column":2},"end":{"line":177,"column":3}},"44":{"start":{"line":175,"column":4},"end":{"line":175,"column":74}},"45":{"start":{"line":176,"column":4},"end":{"line":176,"column":81}},"46":{"start":{"line":180,"column":2},"end":{"line":184,"column":3}},"47":{"start":{"line":181,"column":33},"end":{"line":181,"column":88}},"48":{"start":{"line":182,"column":4},"end":{"line":182,"column":67}},"49":{"start":{"line":183,"column":4},"end":{"line":183,"column":64}},"50":{"start":{"line":186,"column":2},"end":{"line":189,"column":3}},"51":{"start":{"line":187,"column":4},"end":{"line":187,"column":75}},"52":{"start":{"line":188,"column":4},"end":{"line":188,"column":47}},"53":{"start":{"line":191,"column":2},"end":{"line":215,"column":3}},"54":{"start":{"line":193,"column":4},"end":{"line":214,"column":6}},"55":{"start":{"line":12,"column":13},"end":{"line":216,"column":1}},"56":{"start":{"line":216,"column":0},"end":{"line":216,"column":1}},"57":{"start":{"line":12,"column":13},"end":{"line":12,"column":22}}},"fnMap":{"0":{"name":"randomBetween","decl":{"start":{"line":5,"column":0},"end":{"line":5,"column":22}},"loc":{"start":{"line":5,"column":31},"end":{"line":7,"column":1}}},"1":{"name":"(anonymous_3)","decl":{"start":{"line":12,"column":0},"end":{"line":null,"column":-1}},"loc":{"start":{"line":12,"column":0},"end":{"line":12,"column":-1}}},"2":{"name":"Example15","decl":{"start":{"line":32,"column":2},"end":{"line":32,"column":21}},"loc":{"start":{"line":32,"column":32},"end":{"line":40,"column":3}}},"3":{"name":"(anonymous_5)","decl":{"start":{"line":42,"column":2},"end":{"line":null,"column":-1}},"loc":{"start":{"line":42,"column":2},"end":{"line":45,"column":3}}},"4":{"name":"(anonymous_6)","decl":{"start":{"line":47,"column":2},"end":{"line":null,"column":-1}},"loc":{"start":{"line":47,"column":2},"end":{"line":49,"column":3}}},"5":{"name":"(anonymous_7)","decl":{"start":{"line":51,"column":2},"end":{"line":51,"column":18}},"loc":{"start":{"line":51,"column":51},"end":{"line":53,"column":3}}},"6":{"name":"(anonymous_8)","decl":{"start":{"line":56,"column":2},"end":{"line":null,"column":-1}},"loc":{"start":{"line":56,"column":2},"end":{"line":59,"column":3}}},"7":{"name":"(anonymous_9)","decl":{"start":{"line":62,"column":2},"end":{"line":62,"column":12}},"loc":{"start":{"line":62,"column":41},"end":{"line":142,"column":3}}},"8":{"name":"(anonymous_10)","decl":{"start":{"line":144,"column":2},"end":{"line":null,"column":-1}},"loc":{"start":{"line":144,"column":2},"end":{"line":171,"column":3}}},"9":{"name":"(anonymous_11)","decl":{"start":{"line":174,"column":2},"end":{"line":174,"column":18}},"loc":{"start":{"line":174,"column":52},"end":{"line":177,"column":3}}},"10":{"name":"(anonymous_12)","decl":{"start":{"line":180,"column":2},"end":{"line":null,"column":-1}},"loc":{"start":{"line":180,"column":2},"end":{"line":184,"column":3}}},"11":{"name":"(anonymous_13)","decl":{"start":{"line":186,"column":2},"end":{"line":null,"column":-1}},"loc":{"start":{"line":186,"column":2},"end":{"line":189,"column":3}}},"12":{"name":"(anonymous_14)","decl":{"start":{"line":191,"column":2},"end":{"line":null,"column":-1}},"loc":{"start":{"line":191,"column":2},"end":{"line":215,"column":3}}}},"branchMap":{"0":{"loc":{"start":{"line":33,"column":31},"end":{"line":33,"column":62}},"type":"binary-expr","locations":[{"start":{"line":33,"column":31},"end":{"line":33,"column":62}},{"start":{"line":33,"column":66},"end":{"line":33,"column":70}}]},"1":{"loc":{"start":{"line":139,"column":4},"end":{"line":141,"column":5}},"type":"if","locations":[{"start":{"line":139,"column":4},"end":{"line":141,"column":5}},{"start":{"line":139,"column":4},"end":{"line":141,"column":5}}]},"2":{"loc":{"start":{"line":152,"column":50},"end":{"line":152,"column":67}},"type":"cond-expr","locations":[{"start":{"line":152,"column":50},"end":{"line":152,"column":67}},{"start":{"line":152,"column":70},"end":{"line":152,"column":81}}]},"3":{"loc":{"start":{"line":161,"column":31},"end":{"line":161,"column":42}},"type":"cond-expr","locations":[{"start":{"line":161,"column":31},"end":{"line":161,"column":42}},{"start":{"line":161,"column":45},"end":{"line":161,"column":49}}]},"4":{"loc":{"start":{"line":187,"column":63},"end":{"line":187,"column":67}},"type":"cond-expr","locations":[{"start":{"line":187,"column":63},"end":{"line":187,"column":67}},{"start":{"line":187,"column":70},"end":{"line":187,"column":74}}]}},"s":{"0":0,"1":0,"2":0,"3":0,"4":0,"5":0,"6":0,"7":0,"8":0,"9":0,"10":0,"11":0,"12":0,"13":0,"14":0,"15":0,"16":0,"17":0,"18":0,"19":0,"20":0,"21":0,"22":0,"23":0,"24":0,"25":0,"26":0,"27":0,"28":0,"29":0,"30":0,"31":0,"32":0,"33":0,"34":0,"35":0,"36":0,"37":0,"38":0,"39":0,"40":0,"41":0,"42":0,"43":0,"44":0,"45":0,"46":0,"47":0,"48":0,"49":0,"50":0,"51":0,"52":0,"53":0,"54":0,"55":0,"56":0,"57":0},"f":{"0":0,"1":0,"2":0,"3":0,"4":0,"5":0,"6":0,"7":0,"8":0,"9":0,"10":0,"11":0,"12":0},"b":{"0":[0,0],"1":[0,0],"2":[0,0],"3":[0,0],"4":[0,0]}}
,"D:\\OwnSyncDev\\GitHub\\aurelia-slickgrid-bs4-demo\\src\\examples\\slickgrid\\example16.ts": {"path":"D:\\OwnSyncDev\\GitHub\\aurelia-slickgrid-bs4-demo\\src\\examples\\slickgrid\\example16.ts","statementMap":{"0":{"start":{"line":1,"column":0},"end":{"line":1,"column":46}},"1":{"start":{"line":2,"column":0},"end":{"line":2,"column":35}},"2":{"start":{"line":3,"column":0},"end":{"line":3,"column":87}},"3":{"start":{"line":6,"column":0},"end":{"line":135,"column":0}},"4":{"start":{"line":22,"column":22},"end":{"line":22,"column":32}},"5":{"start":{"line":7,"column":2},"end":{"line":7,"column":57}},"6":{"start":{"line":8,"column":2},"end":{"line":14,"column":4}},"7":{"start":{"line":23,"column":4},"end":{"line":23,"column":50}},"8":{"start":{"line":24,"column":4},"end":{"line":24,"column":22}},"9":{"start":{"line":27,"column":2},"end":{"line":29,"column":3}},"10":{"start":{"line":28,"column":4},"end":{"line":28,"column":35}},"11":{"start":{"line":31,"column":2},"end":{"line":34,"column":3}},"12":{"start":{"line":33,"column":4},"end":{"line":33,"column":19}},"13":{"start":{"line":37,"column":2},"end":{"line":72,"column":3}},"14":{"start":{"line":37,"column":2},"end":{"line":72,"column":2}},"15":{"start":{"line":38,"column":4},"end":{"line":52,"column":6}},"16":{"start":{"line":54,"column":4},"end":{"line":71,"column":6}},"17":{"start":{"line":66,"column":39},"end":{"line":66,"column":68}},"18":{"start":{"line":67,"column":33},"end":{"line":67,"column":57}},"19":{"start":{"line":74,"column":2},"end":{"line":89,"column":3}},"20":{"start":{"line":76,"column":24},"end":{"line":76,"column":26}},"21":{"start":{"line":77,"column":4},"end":{"line":87,"column":5}},"22":{"start":{"line":78,"column":6},"end":{"line":86,"column":8}},"23":{"start":{"line":88,"column":4},"end":{"line":88,"column":31}},"24":{"start":{"line":91,"column":2},"end":{"line":100,"column":3}},"25":{"start":{"line":92,"column":4},"end":{"line":98,"column":5}},"26":{"start":{"line":94,"column":6},"end":{"line":97,"column":7}},"27":{"start":{"line":95,"column":8},"end":{"line":95,"column":28}},"28":{"start":{"line":96,"column":8},"end":{"line":96,"column":21}},"29":{"start":{"line":99,"column":4},"end":{"line":99,"column":16}},"30":{"start":{"line":102,"column":2},"end":{"line":134,"column":3}},"31":{"start":{"line":103,"column":26},"end":{"line":103,"column":28}},"32":{"start":{"line":106,"column":17},"end":{"line":106,"column":26}},"33":{"start":{"line":107,"column":25},"end":{"line":107,"column":42}},"34":{"start":{"line":108,"column":4},"end":{"line":108,"column":47}},"35":{"start":{"line":109,"column":4},"end":{"line":109,"column":66}},"36":{"start":{"line":110,"column":4},"end":{"line":112,"column":7}},"37":{"start":{"line":111,"column":6},"end":{"line":111,"column":19}},"38":{"start":{"line":113,"column":4},"end":{"line":115,"column":5}},"39":{"start":{"line":114,"column":6},"end":{"line":114,"column":48}},"40":{"start":{"line":116,"column":4},"end":{"line":116,"column":19}},"41":{"start":{"line":117,"column":4},"end":{"line":124,"column":5}},"42":{"start":{"line":118,"column":18},"end":{"line":118,"column":25}},"43":{"start":{"line":119,"column":6},"end":{"line":123,"column":7}},"44":{"start":{"line":120,"column":8},"end":{"line":120,"column":28}},"45":{"start":{"line":122,"column":8},"end":{"line":122,"column":44}},"46":{"start":{"line":125,"column":4},"end":{"line":125,"column":60}},"47":{"start":{"line":126,"column":25},"end":{"line":126,"column":27}},"48":{"start":{"line":127,"column":4},"end":{"line":129,"column":5}},"49":{"start":{"line":128,"column":6},"end":{"line":128,"column":41}},"50":{"start":{"line":130,"column":4},"end":{"line":130,"column":49}},"51":{"start":{"line":131,"column":4},"end":{"line":131,"column":53}},"52":{"start":{"line":132,"column":4},"end":{"line":132,"column":61}},"53":{"start":{"line":133,"column":4},"end":{"line":133,"column":40}},"54":{"start":{"line":6,"column":13},"end":{"line":135,"column":1}},"55":{"start":{"line":135,"column":0},"end":{"line":135,"column":1}},"56":{"start":{"line":6,"column":13},"end":{"line":6,"column":22}}},"fnMap":{"0":{"name":"(anonymous_2)","decl":{"start":{"line":6,"column":0},"end":{"line":null,"column":-1}},"loc":{"start":{"line":6,"column":0},"end":{"line":6,"column":-1}}},"1":{"name":"Example16","decl":{"start":{"line":22,"column":2},"end":{"line":22,"column":21}},"loc":{"start":{"line":22,"column":32},"end":{"line":25,"column":3}}},"2":{"name":"(anonymous_4)","decl":{"start":{"line":27,"column":2},"end":{"line":27,"column":18}},"loc":{"start":{"line":27,"column":51},"end":{"line":29,"column":3}}},"3":{"name":"(anonymous_5)","decl":{"start":{"line":31,"column":2},"end":{"line":null,"column":-1}},"loc":{"start":{"line":31,"column":2},"end":{"line":34,"column":3}}},"4":{"name":"(anonymous_6)","decl":{"start":{"line":37,"column":2},"end":{"line":null,"column":-1}},"loc":{"start":{"line":37,"column":2},"end":{"line":72,"column":3}}},"5":{"name":"(anonymous_7)","decl":{"start":{"line":66,"column":26},"end":{"line":66,"column":26}},"loc":{"start":{"line":66,"column":34},"end":{"line":66,"column":68}}},"6":{"name":"(anonymous_8)","decl":{"start":{"line":67,"column":20},"end":{"line":67,"column":20}},"loc":{"start":{"line":67,"column":28},"end":{"line":67,"column":57}}},"7":{"name":"(anonymous_9)","decl":{"start":{"line":74,"column":2},"end":{"line":null,"column":-1}},"loc":{"start":{"line":74,"column":2},"end":{"line":89,"column":3}}},"8":{"name":"(anonymous_10)","decl":{"start":{"line":91,"column":2},"end":{"line":91,"column":17}},"loc":{"start":{"line":91,"column":25},"end":{"line":100,"column":3}}},"9":{"name":"(anonymous_11)","decl":{"start":{"line":102,"column":2},"end":{"line":102,"column":12}},"loc":{"start":{"line":102,"column":20},"end":{"line":134,"column":3}}},"10":{"name":"(anonymous_12)","decl":{"start":{"line":110,"column":14},"end":{"line":110,"column":14}},"loc":{"start":{"line":110,"column":19},"end":{"line":112,"column":5}}}},"branchMap":{"0":{"loc":{"start":{"line":94,"column":6},"end":{"line":97,"column":7}},"type":"if","locations":[{"start":{"line":94,"column":6},"end":{"line":97,"column":7}},{"start":{"line":94,"column":6},"end":{"line":97,"column":7}}]},"1":{"loc":{"
[...]
"line":null,"column":-1}},"loc":{"start":{"line":40,"column":2},"end":{"line":43,"column":3}}},"4":{"name":"(anonymous_6)","decl":{"start":{"line":45,"column":2},"end":{"line":45,"column":18}},"loc":{"start":{"line":45,"column":51},"end":{"line":48,"column":3}}},"5":{"name":"(anonymous_7)","decl":{"start":{"line":50,"column":2},"end":{"line":null,"column":-1}},"loc":{"start":{"line":50,"column":2},"end":{"line":84,"column":3}}},"6":{"name":"(anonymous_8)","decl":{"start":{"line":64,"column":19},"end":{"line":64,"column":19}},"loc":{"start":{"line":64,"column":27},"end":{"line":81,"column":9}}},"7":{"name":"(anonymous_9)","decl":{"start":{"line":86,"column":2},"end":{"line":null,"column":-1}},"loc":{"start":{"line":86,"column":2},"end":{"line":164,"column":3}}},"8":{"name":"(anonymous_10)","decl":{"start":{"line":114,"column":19},"end":{"line":114,"column":19}},"loc":{"start":{"line":114,"column":21},"end":{"line":116,"column":11}}},"9":{"name":"(anonymous_11)","decl":{"start":{"line":120,"column":19},"end":{"line":120,"column":19}},"loc":{"start":{"line":120,"column":21},"end":{"line":122,"column":11}}},"10":{"name":"(anonymous_12)","decl":{"start":{"line":126,"column":19},"end":{"line":126,"column":19}},"loc":{"start":{"line":126,"column":21},"end":{"line":128,"column":11}}},"11":{"name":"(anonymous_13)","decl":{"start":{"line":132,"column":19},"end":{"line":132,"column":19}},"loc":{"start":{"line":132,"column":21},"end":{"line":134,"column":11}}},"12":{"name":"(anonymous_14)","decl":{"start":{"line":147,"column":19},"end":{"line":147,"column":19}},"loc":{"start":{"line":147,"column":21},"end":{"line":149,"column":11}}}},"branchMap":{"0":{"loc":{"start":{"line":8,"column":2},"end":{"line":12,"column":3}},"type":"if","locations":[{"start":{"line":8,"column":2},"end":{"line":12,"column":3}},{"start":{"line":8,"column":2},"end":{"line":12,"column":3}}]},"1":{"loc":{"start":{"line":8,"column":6},"end":{"line":8,"column":47}},"type":"binary-expr","locations":[{"start":{"line":8,"column":6},"end":{"line":8,"column":47}},{"start":{"line":8,"column":51},"end":{"line":8,"column":60}}]},"2":{"loc":{"start":{"line":47,"column":19},"end":{"line":47,"column":30}},"type":"binary-expr","locations":[{"start":{"line":47,"column":19},"end":{"line":47,"column":30}},{"start":{"line":47,"column":34},"end":{"line":47,"column":55}}]},"3":{"loc":{"start":{"line":69,"column":10},"end":{"line":80,"column":11}},"type":"if","locations":[{"start":{"line":69,"column":10},"end":{"line":80,"column":11}},{"start":{"line":69,"column":10},"end":{"line":80,"column":11}}]},"4":{"loc":{"start":{"line":70,"column":12},"end":{"line":78,"column":13}},"type":"if","locations":[{"start":{"line":70,"column":12},"end":{"line":78,"column":13}},{"start":{"line":70,"column":12},"end":{"line":78,"column":13}}]}},"s":{"0":0,"1":0,"2":0,"3":0,"4":0,"5":0,"6":0,"7":0,"8":0,"9":0,"10":0,"11":0,"12":0,"13":0,"14":0,"15":0,"16":0,"17":0,"18":0,"19":0,"20":0,"21":0,"22":0,"23":0,"24":0,"25":0,"26":0,"27":0,"28":0,"29":0,"30":0,"31":0,"32":0,"33":0,"34":0,"35":0,"36":0,"37":0,"38":0,"39":0,"40":0,"41":0,"42":0,"43":0,"44":0,"45":0,"46":0,"47":0,"48":0,"49":0,"50":0,"51":0,"52":0,"53":0,"54":0},"f":{"0":0,"1":0,"2":0,"3":0,"4":0,"5":0,"6":0,"7":0,"8":0,"9":0,"10":0,"11":0,"12":0},"b":{"0":[0,0],"1":[0,0],"2":[0,0],"3":[0,0],"4":[0,0]}}
,"D:\\OwnSyncDev\\GitHub\\aurelia-slickgrid-bs4-demo\\src\\examples\\slickgrid\\example8.ts": {"path":"D:\\OwnSyncDev\\GitHub\\aurelia-slickgrid-bs4-demo\\src\\examples\\slickgrid\\example8.ts","statementMap":{"0":{"start":{"line":1,"column":0},"end":{"line":1,"column":35}},"1":{"start":{"line":2,"column":0},"end":{"line":2,"column":46}},"2":{"start":{"line":3,"column":0},"end":{"line":3,"column":87}},"3":{"start":{"line":6,"column":0},"end":{"line":133,"column":0}},"4":{"start":{"line":30,"column":22},"end":{"line":30,"column":32}},"5":{"start":{"line":7,"column":2},"end":{"line":7,"column":42}},"6":{"start":{"line":8,"column":2},"end":{"line":19,"column":4}},"7":{"start":{"line":24,"column":2},"end":{"line":24,"column":15}},"8":{"start":{"line":32,"column":4},"end":{"line":32,"column":22}},"9":{"start":{"line":33,"column":4},"end":{"line":33,"column":50}},"10":{"start":{"line":36,"column":2},"end":{"line":39,"column":3}},"11":{"start":{"line":38,"column":4},"end":{"line":38,"column":19}},"12":{"start":{"line":41,"column":2},"end":{"line":45,"column":3}},"13":{"start":{"line":42,"column":4},"end":{"line":42,"column":35}},"14":{"start":{"line":43,"column":4},"end":{"line":43,"column":56}},"15":{"start":{"line":44,"column":4},"end":{"line":44,"column":56}},"16":{"start":{"line":47,"column":2},"end":{"line":51,"column":3}},"17":{"start":{"line":50,"column":4},"end":{"line":50,"column":38}},"18":{"start":{"line":53,"column":2},"end":{"line":110,"column":3}},"19":{"start":{"line":54,"column":4},"end":{"line":61,"column":6}},"20":{"start":{"line":63,"column":4},"end":{"line":87,"column":7}},"21":{"start":{"line":64,"column":6},"end":{"line":86,"column":8}},"22":{"start":{"line":89,"column":4},"end":{"line":109,"column":6}},"23":{"start":{"line":102,"column":10},"end":{"line":104,"column":11}},"24":{"start":{"line":103,"column":12},"end":{"line":103,"column":36}},"25":{"start":{"line":112,"column":2},"end":{"line":127,"column":3}},"26":{"start":{"line":114,"column":24},"end":{"line":114,"column":26}},"27":{"start":{"line":115,"column":4},"end":{"line":125,"column":5}},"28":{"start":{"line":116,"column":6},"end":{"line":124,"column":8}},"29":{"start":{"line":126,"column":4},"end":{"line":126,"column":31}},"30":{"start":{"line":129,"column":2},"end":{"line":132,"column":3}},"31":{"start":{"line":130,"column":4},"end":{"line":130,"column":75}},"32":{"start":{"line":131,"column":4},"end":{"line":131,"column":47}},"33":{"start":{"line":6,"column":13},"end":{"line":133,"column":1}},"34":{"start":{"line":133,"column":0},"end":{"line":133,"column":1}},"35":{"start":{"line":6,"column":13},"end":{"line":6,"column":21}}},"fnMap":{"0":{"name":"(anonymous_2)","decl":{"start":{"line":6,"column":0},"end":{"line":null,"column":-1}},"loc":{"start":{"line":6,"column":0},"end":{"line":6,"column":-1}}},"1":{"name":"Example8","decl":{"start":{"line":30,"column":2},"end":{"line":30,"column":21}},"loc":{"start":{"line":30,"column":32},"end":{"line":34,"column":3}}},"2":{"name":"(anonymous_4)","decl":{"start":{"line":36,"column":2},"end":{"line":null,"column":-1}},"loc":{"start":{"line":36,"column":2},"end":{"line":39,"column":3}}},"3":{"name":"(anonymous_5)","decl":{"start":{"line":41,"column":2},"end":{"line":41,"column":18}},"loc":{"start":{"line":41,"column":51},"end":{"line":45,"column":3}}},"4":{"name":"(anonymous_6)","decl":{"start":{"line":47,"column":2},"end":{"line":null,"column":-1}},"loc":{"start":{"line":47,"column":2},"end":{"line":51,"column":3}}},"5":{"name":"(anonymous_7)","decl":{"start":{"line":53,"column":2},"end":{"line":null,"column":-1}},"loc":{"start":{"line":53,"column":2},"end":{"line":110,"column":3}}},"6":{"name":"(anonymous_8)","decl":{"start":{"line":63,"column":35},"end":{"line":63,"column":35}},"loc":{"start":{"line":63,"column":45},"end":{"line":87,"column":5}}},"7":{"name":"(anonymous_9)","decl":{"start":{"line":101,"column":19},"end":{"line":101,"column":19}},"loc":{"start":{"line":101,"column":27},"end":{"line":105,"column":9}}},"8":{"name":"(anonymous_10)","decl":{"start":{"line":112,"column":2},"end":{"line":null,"column":-1}},"loc":{"start":{"line":112,"column":2},"end":{"line":127,"column":3}}},"9":{"name":"(anonymous_11)","decl":{"start":{"line":129,"column":2},"end":{"line":null,"column":-1}},"loc":{"start":{"line":129,"column":2},"end":{"line":132,"column":3}}}},"branchMap":{"0":{"loc":{"start":{"line":43,"column":19},"end":{"line":43,"column":30}},"type":"binary-expr","locations":[{"start":{"line":43,"column":19},"end":{"line":43,"column":30}},{"start":{"line":43,"column":34},"end":{"line":43,"column":55}}]},"1":{"loc":{"start":{"line":44,"column":20},"end":{"line":44,"column":31}},"type":"binary-expr","locations":[{"start":{"line":44,"column":20},"end":{"line":44,"column":31}},{"start":{"line":44,"column":35},"end":{"line":44,"column":55}}]},"2":{"loc":{"start":{"line":102,"column":10},"end":{"line":104,"column":11}},"type":"if","locations":[{"start":{"line":102,"column":10},"end":{"line":104,"column":11}},{"start":{"line":102,"column":10},"end":{"line":104,"column":11}}]},"3":{"loc":{"start":{"line":130,"column":63},"end":{"line":130,"column":67}},"type":"cond-expr","locations":[{"start":{"line":130,"column":63},"end":{"line":130,"column":67}},{"start":{"line":130,"column":70},"end":{"line":130,"column":74}}]}},"s":{"0":0,"1":0,"2":0,"3":0,"4":0,"5":0,"6":0,"7":0,"8":0,"9":0,"10":0,"11":0,"12":0,"13":0,"14":0,"15":0,"16":0,"17":0,"18":0,"19":0,"20":0,"21":0,"22":0,"23":0,"24":0,"25":0,"26":0,"27":0,"28":0,"29":0,"30":0,"31":0,"32":0,"33":0,"34":0,"35":0},"f":{"0":0,"1":0,"2":0,"3":0,"4":0,"5":0,"6":0,"7":0,"8":0,"9":0},"b":{"0":[0,0],"1":[0,0],"2":[0,0],"3":[0,0]}}
,"D:\\OwnSyncDev\\GitHub\\aurelia-slickgrid-bs4-demo\\src\\examples\\slickgrid\\example9.ts": {"path":"D:\\OwnSyncDev\\GitHub\\aurelia-slickgrid-bs4-demo\\src\\examples\\slickgrid\\example9.ts","statementMap":{"0":{"start":{"line":1,"column":0},"end":{"line":1,"column":35}},"1":{"start":{"line":2,"column":0},"end":{"line":2,"column":46}},"2":{"start":{"line":3,"column":0},"end":{"line":12,"column":26}},"3":{"start":{"line":15,"column":0},"end":{"line":192,"column":0}},"4":{"start":{"line":38,"column":22},"end":{"line":38,"column":32}},"5":{"start":{"line":16,"column":2},"end":{"line":16,"column":41}},"6":{"start":{"line":17,"column":2},"end":{"line":27,"column":4}},"7":{"start":{"line":32,"column":2},"end":{"line":32,"column":15}},"8":{"start":{"line":40,"column":4},"end":{"line":40,"column":22}},"9":{"start":{"line":41,"column":4},"end":{"line":41,"column":50}},"10":{"start":{"line":44,"column":2},"end":{"line":47,"column":3}},"11":{"start":{"line":46,"column":4},"end":{"line":46,"column":19}},"12":{"start":{"line":49,"column":2},"end":{"line":53,"column":3}},"13":{"start":{"line":50,"column":4},"end":{"line":50,"column":35}},"14":{"start":{"line":51,"column":4},"end":{"line":51,"column":56}},"15":{"start":{"line":52,"column":4},"end":{"line":52,"column":56}},"16":{"start":{"line":55,"column":2},"end":{"line":153,"column":3}},"17":{"start":{"line":56,"column":4},"end":{"line":88,"column":6}},"18":{"start":{"line":90,"column":4},"end":{"line":152,"column":6}},"19":{"start":{"line":95,"column":10},"end":{"line":95,"column":102}},"20":{"start":{"line":142,"column":10},"end":{"line":144,"column":11}},"21":{"start":{"line":143,"column":12},"end":{"line":143,"column":46}},"22":{"start":{"line":147,"column":10},"end":{"line":147,"column":98}},"23":{"start":{"line":155,"column":2},"end":{"line":171,"column":3}},"24":{"start":{"line":157,"column":24},"end":{"line":157,"column":26}},"25":{"start":{"line":158,"column":4},"end":{"line":169,"column":5}},"26":{"start":{"line":159,"column":6},"end":{"line":168,"column":8}},"27":{"start":{"line":170,"column":4},"end":{"line":170,"column":31}},"28":{"start":{"line":173,"column":2},"end":{"line":179,"column":3}},"29":{"start":{"line":174,"column":16},"end":{"line":174,"column":18}},"30":{"start":{"line":175,"column":4},"end":{"line":177,"column":5}},"31":{"start":{"line":176,"column":6},"end":{"line":176,"column":50}},"32":{"start":{"line":178,"column":4},"end":{"line":178,"column":17}},"33":{"start":{"line":181,"column":2},"end":{"line":184,"column":3}},"34":{"start":{"line":182,"column":4},"end":{"line":182,"column":75}},"35":{"start":{"line":183,"column":4},"end":{"line":183,"column":47}},"36":{"start":{"line":186,"column":2},"end":{"line":191,"column":3}},"37":{"start":{"line":187,"column":4},"end":{"line":190,"column":5}},"38":{"start":{"line":188,"column":31},"end":{"line":188,"column":114}},"39":{"start":{"line":189,"column":6},"end":{"line":189,"column":39}},"40":{"start":{"line":15,"column":13},"end":{"line":192,"column":1}},"41":{"start":{"line":192,"column":0},"end":{"line":192,"column":1}},"42":{"start":{"line":15,"column":13},"end":{"line":15,"column":21}}},"fnMap":{"0":{"name":"(anonymous_2)","decl":{"start":{"line":15,"column":0},"end":{"line":null,"column":-1}},"loc":{"start":{"line":15,"column":0},"end":{"line":15,"column":-1}}},"1":{"name":"Example9","decl":{"start":{"line":38,"column":2},"end":{"line":38,"column":21}},"loc":{"start":{"line":38,"column":32},"end":{"line":42,"column":3}}},"2":{"name":"(anonymous_4)","decl":{"start":{"line":44,"column":2},"end":{"line":null,"column":-1}},"loc":{"start":{"line":44,"column":2},"end":{"line":47,"column":3}}},"3":{"name":"(anonymous_5)","decl":{"start":{"line":49,"column":2},"end":{"line":49,"column":18}},"loc":{"start":{"line":49,"column":51},"end":{"line":53,"column":3}}},"4":{"name":"(anonymous_6)","decl":{"start":{"line":55,"column":2},"end":{"line":null,"column":-1}},"loc":{"start":{"line":55,"column":2},"end":{"line":153,"column":3}}},"5":{"name":"(anonymous_7)","decl":{"start":{"line":94,"column":26},"end":{"line":94,"column":26}},"loc":{"start":{"line":94,"column":34},"end":{"line":96,"column":9}}},"6":{"name":"(anonymous_8)","decl":{"start":{"line":141,"column":19},"end":{"line":141,"column":19}},"loc":{"start":{"line":141,"column":27},"end":{"line":145,"column":9}}},"7":{"name":"(anonymous_9)","decl":{"start":{"line":146,"column":26},"end":{"line":146,"column":26}},"loc":{"start":{"line":146,"column":34},"end":{"line":148,"column":9}}},"8":{"name":"(anonymous_10)","decl":{"start":{"line":155,"column":2},"end":{"line":null,"column":-1}},"loc":{"start":{"line":155,"column":2},"end":{"line":171,"column":3}}},"9":{"name":"(anonymous_11)","decl":{"start":{"line":173,"column":2},"end":{"line":null,"column":-1}},"loc":{"start":{"line":173,"column":2},"end":{"line":179,"column":3}}},"10":{"name":"(anonymous_12)","decl":{"start":{"line":181,"column":2},"end":{"line":null,"column":-1}},"loc":{"start":{"line":181,"column":2},"end":{"line":184,"column":3}}},"11":{"name":"(anonymous_13)","decl":{"start":{"line":186,"column":2},"end":{"line":186,"column":16}},"loc":{"start":{"line":186,"column":18},"end":{"line":191,"column":3}}}},"branchMap":{"0":{"loc":{"start":{"line":51,"column":19},"end":{"line":51,"column":30}},"type":"binary-expr","locations":[{"start":{"line":51,"column":19},"end":{"line":51,"column":30}},{"start":{"line":51,"column":34},"end":{"line":51,"column":55}}]},"1":{"loc":{"start":{"line":52,"column":20},"end":{"line":52,"column":31}},"type":"binary-expr","locations":[{"start":{"line":52,"column":20},"end":{"line":52,"column":31}},{"start":{"line":52,"column":35},"end":{"line":52,"column":55}}]},"2":{"loc":{"start":{"line":142,"column":10},"end":{"line":144,"column":11}},"type":"if","locations":[{"start":{"line":142,"column":10},"end":{"line":144,"column":11}},{"start":{"line":142,"column":10},"end":{"line":144,"column":11}}]},"3":{"loc":{"start":{"line":182,"column":63},"end":{"line":182,"column":67}},"type":"cond-expr","locations":[{"start":{"line":182,"column":63},"end":{"line":182,"column":67}},{"start":{"line":182,"column":70},"end":{"line":182,"column":74}}]},"4":{"loc":{"start":{"line":187,"column":4},"end":{"line":190,"column":5}},"type":"if","locations":[{"start":{"line":187,"column":4},"end":{"line":190,"column":5}},{"start":{"line":187,"column":4},"end":{"line":190,"column":5}}]},"5":{"loc":{"start":{"line":187,"column":8},"end":{"line":187,"column":24}},"type":"binary-expr","locations":[{"start":{"line":187,"column":8},"end":{"line":187,"column":24}},{"start":{"line":187,"column":28},"end":{"line":187,"column":61}}]}},"s":{"0":0,"1":0,"2":0,"3":0,"4":0,"5":0,"6":0,"7":0,"8":0,"9":0,"10":0,"11":0,"12":0,"13":0,"14":0,"15":0,"16":0,"17":0,"18":0,"19":0,"20":0,"21":0,"22":0,"23":0,"24":0,"25":0,"26":0,"27":0,"28":0,"29":0,"30":0,"31":0,"32":0,"33":0,"34":0,"35":0,"36":0,"37":0,"38":0,"39":0,"40":0,"41":0,"42":0},"f":{"0":0,"1":0,"2":0,"3":0,"4":0,"5":0,"6":0,"7":0,"8":0,"9":0,"10":0,"11":0},"b":{"0":[0,0],"1":[0,0],"2":[0,0],"3":[0,0],"4":[0,0],"5":[0,0]}}
,"D:\\OwnSyncDev\\GitHub\\aurelia-slickgrid-bs4-demo\\src\\examples\\slickgrid\\index.ts": {"path":"D:\\OwnSyncDev\\GitHub\\aurelia-slickgrid-bs4-demo\\src\\examples\\slickgrid\\index.ts","statementMap":{"0":{"start":{"line":1,"column":0},"end":{"line":1,"column":65}},"1":{"start":{"line":5,"column":0},"end":{"line":37,"column":0}},"2":{"start":{"line":8,"column":2},"end":{"line":36,"column":3}},"3":{"start":{"line":9,"column":25},"end":{"line":31,"column":5}},"4":{"start":{"line":33,"column":4},"end":{"line":33,"column":24}},"5":{"start":{"line":35,"column":4},"end":{"line":35,"column":25}},"6":{"start":{"line":5,"column":13},"end":{"line":37,"column":1}},"7":{"start":{"line":37,"column":0},"end":{"line":37,"column":1}},"8":{"start":{"line":5,"column":13},"end":{"line":5,"column":18}}},"fnMap":{"0":{"name":"(anonymous_1)","decl":{"start":{"line":5,"column":0},"end":{"line":null,"column":-1}},"loc":{"start":{"line":5,"column":0},"end":{"line":5,"column":-1}}},"1":{"name":"(anonymous_3)","decl":{"start":{"line":8,"column":2},"end":{"line":8,"column":17}},"loc":{"start":{"line":8,"column":61},"end":{"line":36,"column":3}}}},"branchMap":{},"s":{"0":0,"1":0,"2":0,"3":0,"4":0,"5":0,"6":0,"7":0,"8":0},"f":{"0":0,"1":0},"b":{}}
,"D:\\OwnSyncDev\\GitHub\\aurelia-slickgrid-bs4-demo\\src\\resources\\index.ts": {"path":"D:\\OwnSyncDev\\GitHub\\aurelia-slickgrid-bs4-demo\\src\\resources\\index.ts","statementMap":{"0":{"start":{"line":1,"column":0},"end":{"line":1,"column":68}},"1":{"start":{"line":4,"column":2},"end":{"line":7,"column":5}},"2":{"start":{"line":3,"column":0},"end":{"line":8,"column":1}}},"fnMap":{"0":{"name":"configure","decl":{"start":{"line":3,"column":0},"end":{"line":3,"column":25}},"loc":{"start":{"line":3,"column":56},"end":{"line":8,"column":1}}}},"branchMap":{},"s":{"0":0,"1":0,"2":0},"f":{"0":0},"b":{}}
,"D:\\OwnSyncDev\\GitHub\\aurelia-slickgrid-bs4-demo\\src\\resources\\value-converters\\date-format.ts": {"path":"D:\\OwnSyncDev\\GitHub\\aurelia-slickgrid-bs4-demo\\src\\resources\\value-converters\\date-format.ts","statementMap":{"0":{"start":{"line":1,"column":0},"end":{"line":1,"column":32}},"1":{"start":{"line":3,"column":0},"end":{"line":7,"column":0}},"2":{"start":{"line":4,"column":2},"end":{"line":6,"column":3}},"3":{"start":{"line":5,"column":4},"end":{"line":5,"column":40}},"4":{"start":{"line":7,"column":0},"end":{"line":7,"column":1}},"5":{"start":{"line":3,"column":13},"end":{"line":3,"column":37}}},"fnMap":{"0":{"name":"(anonymous_0)","decl":{"start":{"line":3,"column":0},"end":{"line":null,"column":-1}},"loc":{"start":{"line":3,"column":0},"end":{"line":3,"column":-1}}},"1":{"name":"(anonymous_2)","decl":{"start":{"line":4,"column":2},"end":{"line":4,"column":8}},"loc":{"start":{"line":4,"column":35},"end":{"line":6,"column":3}}}},"branchMap":{},"s":{"0":0,"1":0,"2":0,"3":0,"4":0,"5":0},"f":{"0":0,"1":0},"b":{}}
,"D:\\OwnSyncDev\\GitHub\\aurelia-slickgrid-bs4-demo\\src\\resources\\value-converters\\stringify.ts": {"path":"D:\\OwnSyncDev\\GitHub\\aurelia-slickgrid-bs4-demo\\src\\resources\\value-converters\\stringify.ts","statementMap":{"0":{"start":{"line":1,"column":0},"end":{"line":5,"column":0}},"1":{"start":{"line":2,"column":9},"end":{"line":4,"column":3}},"2":{"start":{"line":3,"column":4},"end":{"line":3,"column":42}},"3":{"start":{"line":5,"column":0},"end":{"line":5,"column":1}},"4":{"start":{"line":1,"column":13},"end":{"line":1,"column":36}}},"fnMap":{"0":{"name":"(anonymous_0)","decl":{"start":{"line":1,"column":0},"end":{"line":null,"column":-1}},"loc":{"start":{"line":1,"column":0},"end":{"line":1,"column":-1}}},"1":{"name":"(anonymous_2)","decl":{"start":{"line":2,"column":2},"end":{"line":2,"column":15}},"loc":{"start":{"line":2,"column":26},"end":{"line":4,"column":3}}}},"branchMap":{},"s":{"0":0,"1":0,"2":0,"3":0,"4":0},"f":{"0":0,"1":0},"b":{}}
}
