TN:
SF:D:\OwnSyncDev\GitHub\aurelia-slickgrid-bs4-demo\src\app.ts
FN:6,(anonymous_1)
FN:9,(anonymous_3)
FNF:2
FNH:0
FNDA:0,(anonymous_1)
FNDA:0,(anonymous_3)
DA:2,0
DA:6,0
DA:9,0
DA:10,0
DA:11,0
DA:17,0
DA:19,0
LF:7
LH:0
BRF:0
BRH:0
end_of_record
TN:
SF:D:\OwnSyncDev\GitHub\aurelia-slickgrid-bs4-demo\src\environment.ts
FNF:0
FNH:0
DA:1,0
LF:1
LH:0
BRF:0
BRH:0
end_of_record
TN:
SF:D:\OwnSyncDev\GitHub\aurelia-slickgrid-bs4-demo\src\home.ts
FN:1,(anonymous_0)
FNF:1
FNH:0
FNDA:0,(anonymous_0)
DA:1,0
DA:2,0
LF:2
LH:0
BRF:0
BRH:0
end_of_record
TN:
SF:D:\OwnSyncDev\GitHub\aurelia-slickgrid-bs4-demo\src\main.ts
FN:26,configure
FN:31,(anonymous_1)
FN:36,(anonymous_2)
FN:66,(anonymous_3)
FNF:4
FNH:0
FNDA:0,configure
FNDA:0,(anonymous_1)
FNDA:0,(anonymous_2)
FNDA:0,(anonymous_3)
DA:4,0
DA:5,0
DA:6,0
DA:7,0
DA:8,0
DA:9,0
DA:10,0
DA:11,0
DA:12,0
DA:13,0
DA:14,0
DA:15,0
DA:16,0
DA:19,0
DA:26,0
DA:27,0
DA:31,0
DA:33,0
DA:36,0
DA:37,0
DA:39,0
DA:42,0
DA:46,0
DA:58,0
DA:59,0
DA:62,0
DA:63,0
DA:66,0
LF:28
LH:0
BRDA:58,0,0,0
BRDA:58,0,1,0
BRDA:62,1,0,0
BRDA:62,1,1,0
BRF:4
BRH:0
end_of_record
TN:
SF:D:\OwnSyncDev\GitHub\aurelia-slickgrid-bs4-demo\src\examples\slickgrid\custom-inputEditor.ts
FN:15,(anonymous_0)
FN:20,CustomInputEditor
FN:25,(anonymous_2)
FN:30,(anonymous_3)
FN:35,(anonymous_4)
FN:39,(anonymous_5)
FN:48,(anonymous_6)
FN:55,(anonymous_7)
FN:60,(anonymous_8)
FN:64,(anonymous_9)
FN:68,(anonymous_10)
FN:72,(anonymous_11)
FN:76,(anonymous_12)
FN:83,(anonymous_13)
FN:87,(anonymous_14)
FN:91,(anonymous_15)
FN:99,(anonymous_16)
FNF:17
FNH:0
FNDA:0,(anonymous_0)
FNDA:0,CustomInputEditor
FNDA:0,(anonymous_2)
FNDA:0,(anonymous_3)
FNDA:0,(anonymous_4)
FNDA:0,(anonymous_5)
FNDA:0,(anonymous_6)
FNDA:0,(anonymous_7)
FNDA:0,(anonymous_8)
FNDA:0,(anonymous_9)
FNDA:0,(anonymous_10)
FNDA:0,(anonymous_11)
FNDA:0,(anonymous_12)
FNDA:0,(anonymous_13)
FNDA:0,(anonymous_14)
FNDA:0,(anonymous_15)
FNDA:0,(anonymous_16)
DA:1,0
DA:9,0
DA:15,0
DA:20,0
DA:21,0
DA:25,0
DA:26,0
DA:30,0
DA:31,0
DA:35,0
DA:36,0
DA:39,0
DA:40,0
DA:46,0
DA:49,0
DA:50,0
DA:51,0
DA:55,0
DA:56,0
DA:60,0
DA:61,0
DA:64,0
DA:65,0
DA:68,0
DA:69,0
DA:72,0
DA:73,0
DA:76,0
DA:77,0
DA:78,0
DA:79,0
DA:80,0
DA:83,0
DA:84,0
DA:87,0
DA:88,0
DA:91,0
DA:92,0
DA:93,0
DA:94,0
DA:96,0
DA:99,0
DA:100,0
DA:101,0
DA:102,0
DA:105,0
DA:110,0
LF:47
LH:0
BRDA:26,0,0,0
BRDA:26,0,1,0
BRDA:26,0,2,0
BRDA:31,1,0,0
BRDA:31,1,1,0
BRDA:31,1,2,0
BRDA:36,2,0,0
BRDA:36,2,1,0
BRDA:40,3,0,0
BRDA:40,3,1,0
BRDA:40,3,2,0
BRDA:50,4,0,0
BRDA:50,4,1,0
BRDA:50,5,0,0
BRDA:50,5,1,0
BRDA:77,6,0,0
BRDA:77,6,1,0
BRDA:92,7,0,0
BRDA:92,7,1,0
BRDA:93,8,0,0
BRDA:93,8,1,0
BRDA:93,9,0,0
BRDA:93,9,1,0
BRDA:93,9,2,0
BRDA:96,10,0,0
BRDA:96,10,1,0
BRDA:96,11,0,0
BRDA:96,11,1,0
BRDA:100,12,0,0
BRDA:100,12,1,0
BRDA:101,13,0,0
BRDA:101,13,1,0
BRDA:101,13,2,0
BRF:33
BRH:0
end_of_record
TN:
SF:D:\OwnSyncDev\GitHub\aurelia-slickgrid-bs4-demo\src\examples\slickgrid\custom-inputFilter.ts
FN:14,(anonymous_0)
FN:25,(anonymous_2)
FN:30,(anonymous_3)
FN:37,(anonymous_4)
FN:54,(anonymous_5)
FN:72,(anonymous_6)
FN:84,(anonymous_7)
FN:93,(anonymous_8)
FN:106,(anonymous_9)
FN:118,(anonymous_10)
FNF:10
FNH:0
FNDA:0,(anonymous_0)
FNDA:0,(anonymous_2)
FNDA:0,(anonymous_3)
FNDA:0,(anonymous_4)
FNDA:0,(anonymous_5)
FNDA:0,(anonymous_6)
FNDA:0,(anonymous_7)
FNDA:0,(anonymous_8)
FNDA:0,(anonymous_9)
FNDA:0,(anonymous_10)
DA:1,0
DA:12,0
DA:14,0
DA:15,0
DA:16,0
DA:22,0
DA:25,0
DA:26,0
DA:30,0
DA:31,0
DA:37,0
DA:38,0
DA:39,0
DA:40,0
DA:41,0
DA:44,0
DA:47,0
DA:50,0
DA:54,0
DA:55,0
DA:56,0
DA:57,0
DA:58,0
DA:60,0
DA:61,0
DA:64,0
DA:65,0
DA:72,0
DA:73,0
DA:74,0
DA:75,0
DA:76,0
DA:77,0
DA:84,0
DA:85,0
DA:86,0
DA:93,0
DA:94,0
DA:95,0
DA:106,0
DA:107,0
DA:108,0
DA:109,0
DA:111,0
DA:118,0
DA:119,0
DA:120,0
DA:123,0
DA:124,0
DA:126,0
DA:127,0
DA:128,0
DA:131,0
DA:132,0
DA:135,0
DA:137,0
LF:56
LH:0
BRDA:26,0,0,0
BRDA:26,0,1,0
BRDA:26,0,2,0
BRDA:31,1,0,0
BRDA:31,1,1,0
BRDA:31,2,0,0
BRDA:31,2,1,0
BRDA:41,3,0,0
BRDA:41,3,1,0
BRDA:44,4,0,0
BRDA:44,4,1,0
BRDA:44,4,2,0
BRDA:55,5,0,0
BRDA:55,5,1,0
BRDA:55,5,2,0
BRDA:55,5,3,0
BRDA:56,6,0,0
BRDA:56,6,1,0
BRDA:60,7,0,0
BRDA:60,7,1,0
BRDA:72,8,0,0
BRDA:72,8,1,0
BRDA:73,9,0,0
BRDA:73,9,1,0
BRDA:85,10,0,0
BRDA:85,10,1,0
BRDA:94,11,0,0
BRDA:94,11,1,0
BRDA:107,12,0,0
BRDA:107,12,1,0
BRDA:107,13,0,0
BRDA:107,13,1,0
BRDA:108,14,0,0
BRDA:108,14,1,0
BRDA:108,15,0,0
BRDA:108,15,1,0
BRDA:131,16,0,0
BRDA:131,16,1,0
BRDA:131,17,0,0
BRDA:131,17,1,0
BRF:40
BRH:0
end_of_record
TN:
SF:D:\OwnSyncDev\GitHub\aurelia-slickgrid-bs4-demo\src\examples\slickgrid\example1.ts
FN:3,(anonymous_0)
FN:14,Example1
FN:19,(anonymous_2)
FN:26,(anonymous_3)
FN:45,(anonymous_4)
FNF:5
FNH:0
FNDA:0,(anonymous_0)
FNDA:0,Example1
FNDA:0,(anonymous_2)
FNDA:0,(anonymous_3)
FNDA:0,(anonymous_4)
DA:3,0
DA:4,0
DA:5,0
DA:16,0
DA:19,0
DA:21,0
DA:22,0
DA:26,0
DA:27,0
DA:35,0
DA:41,0
DA:42,0
DA:45,0
DA:47,0
DA:48,0
DA:49,0
DA:50,0
DA:51,0
DA:52,0
DA:54,0
DA:65,0
DA:67,0
LF:22
LH:0
BRF:0
BRH:0
end_of_record
TN:
SF:D:\OwnSyncDev\GitHub\aurelia-slickgrid-bs4-demo\src\examples\slickgrid\example10.ts
FN:5,(anonymous_2)
FN:25,Example2
FN:30,(anonymous_4)
FN:37,(anonymous_5)
FN:130,(anonymous_6)
FN:153,(anonymous_7)
FN:156,(anonymous_8)
FN:163,(anonymous_9)
FN:166,(anonymous_10)
FNF:9
FNH:0
FNDA:0,(anonymous_2)
FNDA:0,Example2
FNDA:0,(anonymous_4)
FNDA:0,(anonymous_5)
FNDA:0,(anonymous_6)
FNDA:0,(anonymous_7)
FNDA:0,(anonymous_8)
FNDA:0,(anonymous_9)
FNDA:0,(anonymous_10)
DA:1,0
DA:2,0
DA:5,0
DA:6,0
DA:7,0
DA:23,0
DA:27,0
DA:30,0
DA:32,0
DA:33,0
DA:37,0
DA:38,0
DA:46,0
DA:97,0
DA:111,0
DA:130,0
DA:132,0
DA:133,0
DA:134,0
DA:135,0
DA:136,0
DA:137,0
DA:139,0
DA:150,0
DA:153,0
DA:154,0
DA:155,0
DA:156,0
DA:157,0
DA:158,0
DA:163,0
DA:164,0
DA:165,0
DA:166,0
DA:167,0
DA:168,0
DA:172,0
LF:37
LH:0
BRDA:154,0,0,0
BRDA:154,0,1,0
BRDA:155,1,0,0
BRDA:155,1,1,0
BRDA:158,2,0,0
BRDA:158,2,1,0
BRDA:164,3,0,0
BRDA:164,3,1,0
BRDA:165,4,0,0
BRDA:165,4,1,0
BRDA:165,5,0,0
BRDA:165,5,1,0
BRDA:168,6,0,0
BRDA:168,6,1,0
BRF:14
BRH:0
end_of_record
TN:
SF:D:\OwnSyncDev\GitHub\aurelia-slickgrid-bs4-demo\src\examples\slickgrid\example11.ts
FN:15,(anonymous_2)
FN:45,Example11
FN:50,(anonymous_4)
FN:55,(anonymous_5)
FN:70,(anonymous_6)
FN:80,(anonymous_7)
FN:102,(anonymous_8)
FN:154,(anonymous_9)
FN:177,(anonymous_10)
FN:198,(anonymous_11)
FN:208,(anonymous_12)
FN:216,(anonymous_13)
FN:218,(anonymous_14)
FN:236,(anonymous_15)
FNF:14
FNH:0
FNDA:0,(anonymous_2)
FNDA:0,Example11
FNDA:0,(anonymous_4)
FNDA:0,(anonymous_5)
FNDA:0,(anonymous_6)
FNDA:0,(anonymous_7)
FNDA:0,(anonymous_8)
FNDA:0,(anonymous_9)
FNDA:0,(anonymous_10)
FNDA:0,(anonymous_11)
FNDA:0,(anonymous_12)
FNDA:0,(anonymous_13)
FNDA:0,(anonymous_14)
FNDA:0,(anonymous_15)
DA:1,0
DA:2,0
DA:12,0
DA:15,0
DA:16,0
DA:17,0
DA:47,0
DA:50,0
DA:52,0
DA:55,0
DA:56,0
DA:57,0
DA:58,0
DA:59,0
DA:70,0
DA:71,0
DA:81,0
DA:82,0
DA:83,0
DA:103,0
DA:104,0
DA:141,0
DA:154,0
DA:156,0
DA:157,0
DA:158,0
DA:159,0
DA:160,0
DA:161,0
DA:163,0
DA:174,0
DA:177,0
DA:178,0
DA:179,0
DA:180,0
DA:181,0
DA:182,0
DA:184,0
DA:194,0
DA:198,0
DA:199,0
DA:201,0
DA:202,0
DA:208,0
DA:209,0
DA:216,0
DA:217,0
DA:218,0
DA:219,0
DA:220,0
DA:223,0
DA:224,0
DA:226,0
DA:227,0
DA:228,0
DA:229,0
DA:232,0
DA:236,0
DA:237,0
DA:238,0
DA:239,0
DA:244,0
LF:62
LH:0
BRDA:82,0,0,0
BRDA:82,0,1,0
BRDA:223,1,0,0
BRDA:223,1,1,0
BRDA:226,2,0,0
BRDA:226,2,1,0
BRDA:226,3,0,0
BRDA:226,3,1,0
BRDA:226,3,2,0
BRDA:228,4,0,0
BRDA:228,4,1,0
BRDA:229,5,0,0
BRDA:229,5,1,0
BRF:13
BRH:0
end_of_record
TN:
SF:D:\OwnSyncDev\GitHub\aurelia-slickgrid-bs4-demo\src\examples\slickgrid\example12.ts
FN:16,(anonymous_2)
FN:52,Example12
FN:173,(anonymous_4)
FN:58,(anonymous_5)
FN:63,(anonymous_6)
FN:68,(anonymous_7)
FN:133,(anonymous_8)
FN:154,(anonymous_9)
FN:159,(anonymous_10)
FN:167,(anonymous_11)
FNF:10
FNH:0
FNDA:0,(anonymous_2)
FNDA:0,Example12
FNDA:0,(anonymous_4)
FNDA:0,(anonymous_5)
FNDA:0,(anonymous_6)
FNDA:0,(anonymous_7)
FNDA:0,(anonymous_8)
FNDA:0,(anonymous_9)
FNDA:0,(anonymous_10)
FNDA:0,(anonymous_11)
DA:1,0
DA:2,0
DA:3,0
DA:16,0
DA:17,0
DA:18,0
DA:50,0
DA:52,0
DA:54,0
DA:55,0
DA:58,0
DA:60,0
DA:63,0
DA:64,0
DA:68,0
DA:69,0
DA:111,0
DA:133,0
DA:135,0
DA:136,0
DA:137,0
DA:138,0
DA:139,0
DA:140,0
DA:142,0
DA:154,0
DA:155,0
DA:156,0
DA:159,0
DA:160,0
DA:167,0
DA:168,0
DA:169,0
DA:173,0
DA:174,0
DA:176,0
LF:36
LH:0
BRDA:144,0,0,0
BRDA:144,0,1,0
BRDA:148,1,0,0
BRDA:148,1,1,0
BRDA:149,2,0,0
BRDA:149,2,1,0
BRDA:159,3,0,0
BRDA:159,3,1,0
BRDA:161,4,0,0
BRDA:161,4,1,0
BRDA:163,5,0,0
BRDA:163,5,1,0
BRDA:168,6,0,0
BRDA:168,6,1,0
BRF:14
BRH:0
end_of_record
TN:
SF:D:\OwnSyncDev\GitHub\aurelia-slickgrid-bs4-demo\src\examples\slickgrid\example13.ts
FN:6,(anonymous_2)
FN:25,Example13
FN:30,(anonymous_4)
FN:34,(anonymous_5)
FN:35,(anonymous_6)
FN:38,(anonymous_7)
FN:44,(anonymous_8)
FN:121,(anonymous_9)
FN:145,(anonymous_10)
FN:149,(anonymous_11)
FN:153,(anonymous_12)
FN:157,(anonymous_13)
FN:161,(anonymous_14)
FN:164,(anonymous_15)
FN:167,(anonymous_16)
FN:179,(anonymous_17)
FN:182,(anonymous_18)
FN:185,(anonymous_19)
FN:197,(anonymous_20)
FN:201,(anonymous_21)
FN:213,(anonymous_22)
FN:226,(anonymous_23)
FN:230,(anonymous_24)
FN:242,(anonymous_25)
FN:253,(anonymous_26)
FNF:25
FNH:0
FNDA:0,(anonymous_2)
FNDA:0,Example13
FNDA:0,(anonymous_4)
FNDA:0,(anonymous_5)
FNDA:0,(anonymous_6)
FNDA:0,(anonymous_7)
FNDA:0,(anonymous_8)
FNDA:0,(anonymous_9)
FNDA:0,(anonymous_10)
FNDA:0,(anonymous_11)
FNDA:0,(anonymous_12)
FNDA:0,(anonymous_13)
FNDA:0,(anonymous_14)
FNDA:0,(anonymous_15)
FNDA:0,(anonymous_16)
FNDA:0,(anonymous_17)
FNDA:0,(anonymous_18)
FNDA:0,(anonymous_19)
FNDA:0,(anonymous_20)
FNDA:0,(anonymous_21)
FNDA:0,(anonymous_22)
FNDA:0,(anonymous_23)
FNDA:0,(anonymous_24)
FNDA:0,(anonymous_25)
FNDA:0,(anonymous_26)
DA:1,0
DA:2,0
DA:3,0
DA:6,0
DA:7,0
DA:8,0
DA:21,0
DA:25,0
DA:27,0
DA:30,0
DA:32,0
DA:34,0
DA:35,0
DA:38,0
DA:39,0
DA:40,0
DA:44,0
DA:45,0
DA:109,0
DA:121,0
DA:123,0
DA:124,0
DA:125,0
DA:126,0
DA:127,0
DA:128,0
DA:130,0
DA:145,0
DA:146,0
DA:149,0
DA:150,0
DA:153,0
DA:154,0
DA:157,0
DA:158,0
DA:161,0
DA:162,0
DA:165,0
DA:168,0
DA:179,0
DA:180,0
DA:183,0
DA:186,0
DA:197,0
DA:198,0
DA:202,0
DA:214,0
DA:226,0
DA:227,0
DA:231,0
DA:243,0
DA:254,0
DA:265,0
LF:53
LH:0
BRDA:214,0,0,0
BRDA:214,0,1,0
BRDA:243,1,0,0
BRDA:243,1,1,0
BRF:4
BRH:0
end_of_record
TN:
SF:D:\OwnSyncDev\GitHub\aurelia-slickgrid-bs4-demo\src\examples\slickgrid\example14.ts
FN:3,(anonymous_0)
FN:23,Example14
FN:28,(anonymous_2)
FN:33,(anonymous_3)
FN:56,(anonymous_4)
FN:77,(anonymous_5)
FNF:6
FNH:0
FNDA:0,(anonymous_0)
FNDA:0,Example14
FNDA:0,(anonymous_2)
FNDA:0,(anonymous_3)
FNDA:0,(anonymous_4)
FNDA:0,(anonymous_5)
DA:1,0
DA:3,0
DA:4,0
DA:5,0
DA:21,0
DA:25,0
DA:28,0
DA:30,0
DA:33,0
DA:34,0
DA:43,0
DA:56,0
DA:58,0
DA:59,0
DA:60,0
DA:77,0
DA:78,0
DA:79,0
DA:87,0
DA:96,0
LF:20
LH:0
BRDA:78,0,0,0
BRDA:78,0,1,0
BRF:2
BRH:0
end_of_record
TN:
SF:D:\OwnSyncDev\GitHub\aurelia-slickgrid-bs4-demo\src\examples\slickgrid\example15.ts
FN:5,randomBetween
FN:12,(anonymous_3)
FN:32,Example15
FN:42,(anonymous_5)
FN:47,(anonymous_6)
FN:51,(anonymous_7)
FN:56,(anonymous_8)
FN:62,(anonymous_9)
FN:144,(anonymous_10)
FN:174,(anonymous_11)
FN:180,(anonymous_12)
FN:186,(anonymous_13)
FN:191,(anonymous_14)
FNF:13
FNH:0
FNDA:0,randomBetween
FNDA:0,(anonymous_3)
FNDA:0,Example15
FNDA:0,(anonymous_5)
FNDA:0,(anonymous_6)
FNDA:0,(anonymous_7)
FNDA:0,(anonymous_8)
FNDA:0,(anonymous_9)
FNDA:0,(anonymous_10)
FNDA:0,(anonymous_11)
FNDA:0,(anonymous_12)
FNDA:0,(anonymous_13)
FNDA:0,(anonymous_14)
DA:1,0
DA:2,0
DA:3,0
DA:6,0
DA:8,0
DA:9,0
DA:12,0
DA:13,0
DA:14,0
DA:32,0
DA:33,0
DA:38,0
DA:39,0
DA:42,0
DA:44,0
DA:47,0
DA:48,0
DA:51,0
DA:52,0
DA:56,0
DA:57,0
DA:58,0
DA:62,0
DA:64,0
DA:65,0
DA:66,0
DA:69,0
DA:126,0
DA:139,0
DA:140,0
DA:144,0
DA:146,0
DA:147,0
DA:148,0
DA:149,0
DA:150,0
DA:151,0
DA:152,0
DA:153,0
DA:154,0
DA:155,0
DA:156,0
DA:158,0
DA:174,0
DA:175,0
DA:176,0
DA:180,0
DA:181,0
DA:182,0
DA:183,0
DA:186,0
DA:187,0
DA:188,0
DA:191,0
DA:193,0
DA:216,0
LF:56
LH:0
BRDA:33,0,0,0
BRDA:33,0,1,0
BRDA:139,1,0,0
BRDA:139,1,1,0
BRDA:152,2,0,0
BRDA:152,2,1,0
BRDA:161,3,0,0
BRDA:161,3,1,0
BRDA:187,4,0,0
BRDA:187,4,1,0
BRF:10
BRH:0
end_of_record
TN:
SF:D:\OwnSyncDev\GitHub\aurelia-slickgrid-bs4-demo\src\examples\slickgrid\example16.ts
FN:6,(anonymous_2)
FN:22,Example16
FN:27,(anonymous_4)
FN:31,(anonymous_5)
FN:37,(anonymous_6)
FN:66,(anonymous_7)
FN:67,(anonymous_8)
FN:74,(anonymous_9)
FN:91,(anonymous_10)
FN:102,(anonymous_11)
FN:110,(anonymous_12)
FNF:11
FNH:0
FNDA:0,(anonymous_2)
FNDA:0,Example16
FNDA:0,(anonymous_4)
FNDA:0,(anonymous_5)
FNDA:0,(anonymous_6)
FNDA:0,(anonymous_7)
FNDA:0,(anonymous_8)
FNDA:0,(anonymous_9)
FNDA:0,(anonymous_10)
FNDA:0,(anonymous_11)
FNDA:0,(anonymous_12)
DA:1,0
DA:2,0
DA:3,0
DA:6,0
DA:7,0
DA:8,0
DA:22,0
DA:23,0
DA:24,0
DA:27,0
DA:28,0
DA:31,0
DA:33,0
DA:37,0
DA:38,0
DA:54,0
DA:66,0
DA:67,0
DA:74,0
DA:76,0
DA:77,0
DA:78,0
DA:88,0
DA:91,0
DA:92,0
DA:94,0
DA:95,0
DA:96,0
DA:99,0
DA:102,0
DA:103,0
DA:106,0
DA:107,0
DA:108,0
DA:109,0
DA:110,0
DA:111,0
DA:113,0
DA:114,0
DA:116,0
DA:117,0
DA:118,0
DA:119,0
DA:120,0
DA:122,0
DA:125,0
DA:126,0
DA:127,0
DA:128,0
DA:130,0
DA:131,0
DA:132,0
DA:133,0
DA:135,0
LF:54
LH:0
BRDA:94,0,0,0
BRDA:94,0,1,0
BRDA:94,1,0,0
BRDA:94,1,1,0
BRDA:119,2,0,0
BRDA:119,2,1,0
BRF:6
BRH:0
end_of_record
TN:
SF:D:\OwnSyncDev\GitHub\aurelia-slickgrid-bs4-demo\src\examples\slickgrid\example17.ts
FN:8,(anonymous_2)
FN:12,(anonymous_3)
FN:20,(anonymous_4)
FN:53,Example17
FN:60,(anonymous_6)
FN:65,(anonymous_7)
FN:70,(anonymous_8)
FN:80,(anonymous_9)
FN:100,(anonymous_10)
FN:102,(anonymous_11)
FN:106,(anonymous_12)
FN:119,(anonymous_13)
FN:127,(anonymous_14)
FN:137,(anonymous_15)
FNF:14
FNH:0
FNDA:0,(anonymous_2)
FNDA:0,(anonymous_3)
FNDA:0,(anonymous_4)
FNDA:0,Example17
FNDA:0,(anonymous_6)
FNDA:0,(anonymous_7)
FNDA:0,(anonymous_8)
FNDA:0,(anonymous_9)
FNDA:0,(anonymous_10)
FNDA:0,(anonymous_11)
FNDA:0,(anonymous_12)
FNDA:0,(anonymous_13)
FNDA:0,(anonymous_14)
FNDA:0,(anonymous_15)
DA:1,0
DA:2,0
DA:3,0
DA:8,0
DA:9,0
DA:12,0
DA:13,0
DA:14,0
DA:15,0
DA:17,0
DA:20,0
DA:21,0
DA:22,0
DA:24,0
DA:25,0
DA:47,0
DA:51,0
DA:55,0
DA:56,0
DA:57,0
DA:60,0
DA:61,0
DA:62,0
DA:65,0
DA:67,0
DA:70,0
DA:71,0
DA:72,0
DA:73,0
DA:74,0
DA:77,0
DA:80,0
DA:81,0
DA:87,0
DA:100,0
DA:101,0
DA:102,0
DA:103,0
DA:106,0
DA:107,0
DA:108,0
DA:109,0
DA:111,0
DA:112,0
DA:113,0
DA:119,0
DA:120,0
DA:121,0
DA:122,0
DA:123,0
DA:127,0
DA:128,0
DA:129,0
DA:130,0
DA:131,0
DA:133,0
DA:137,0
DA:138,0
DA:139,0
DA:140,0
DA:143,0
LF:61
LH:0
BRDA:9,0,0,0
BRDA:9,0,1,0
BRDA:9,0,2,0
BRDA:9,0,3,0
BRDA:14,1,0,0
BRDA:14,1,1,0
BRDA:14,2,0,0
BRDA:14,2,1,0
BRDA:14,2,2,0
BRDA:57,3,0,0
BRDA:57,3,1,0
BRDA:101,4,0,0
BRDA:101,4,1,0
BRDA:101,5,0,0
BRDA:101,5,1,0
BRDA:101,5,2,0
BRDA:101,5,3,0
BRDA:101,5,4,0
BRDA:107,6,0,0
BRDA:107,6,1,0
BRDA:107,7,0,0
BRDA:107,7,1,0
BRDA:107,7,2,0
BRDA:107,7,3,0
BRDA:107,7,4,0
BRDA:120,8,0,0
BRDA:120,8,1,0
BRDA:120,9,0,0
BRDA:120,9,1,0
BRDA:120,9,2,0
BRDA:120,9,3,0
BRDA:120,9,4,0
BRDA:120,9,5,0
BRDA:128,10,0,0
BRDA:128,10,1,0
BRDA:128,11,0,0
BRDA:128,11,1,0
BRDA:128,11,2,0
BRDA:128,11,3,0
BRDA:128,11,4,0
BRDA:130,12,0,0
BRDA:130,12,1,0
BRDA:130,13,0,0
BRDA:130,13,1,0
BRDA:130,13,2,0
BRDA:131,14,0,0
BRDA:131,14,1,0
BRDA:138,15,0,0
BRDA:138,15,1,0
BRDA:138,16,0,0
BRDA:138,16,1,0
BRDA:138,16,2,0
BRDA:138,16,3,0
BRF:53
BRH:0
end_of_record
TN:
SF:D:\OwnSyncDev\GitHub\aurelia-slickgrid-bs4-demo\src\examples\slickgrid\example18.ts
FN:17,(anonymous_2)
FN:45,Example18
FN:51,(anonymous_4)
FN:58,(anonymous_5)
FN:68,(anonymous_6)
FN:88,(anonymous_7)
FN:91,(anonymous_8)
FN:112,(anonymous_9)
FN:134,(anonymous_10)
FN:156,(anonymous_11)
FN:177,(anonymous_12)
FN:200,(anonymous_13)
FN:227,(anonymous_14)
FN:238,(anonymous_15)
FN:239,(anonymous_16)
FN:244,(anonymous_17)
FN:268,(anonymous_18)
FN:273,(anonymous_19)
FN:274,(anonymous_20)
FN:278,(anonymous_21)
FN:284,(anonymous_22)
FN:288,(anonymous_23)
FN:292,(anonymous_24)
FN:302,(anonymous_25)
FN:308,(anonymous_26)
FN:318,(anonymous_27)
FN:324,(anonymous_28)
FN:335,(anonymous_29)
FN:342,(anonymous_30)
FN:349,(anonymous_31)
FN:353,(anonymous_32)
FNF:31
FNH:0
FNDA:0,(anonymous_2)
FNDA:0,Example18
FNDA:0,(anonymous_4)
FNDA:0,(anonymous_5)
FNDA:0,(anonymous_6)
FNDA:0,(anonymous_7)
FNDA:0,(anonymous_8)
FNDA:0,(anonymous_9)
FNDA:0,(anonymous_10)
FNDA:0,(anonymous_11)
FNDA:0,(anonymous_12)
FNDA:0,(anonymous_13)
FNDA:0,(anonymous_14)
FNDA:0,(anonymous_15)
FNDA:0,(anonymous_16)
FNDA:0,(anonymous_17)
FNDA:0,(anonymous_18)
FNDA:0,(anonymous_19)
FNDA:0,(anonymous_20)
FNDA:0,(anonymous_21)
FNDA:0,(anonymous_22)
FNDA:0,(anonymous_23)
FNDA:0,(anonymous_24)
FNDA:0,(anonymous_25)
FNDA:0,(anonymous_26)
FNDA:0,(anonymous_27)
FNDA:0,(anonymous_28)
FNDA:0,(anonymous_29)
FNDA:0,(anonymous_30)
FNDA:0,(anonymous_31)
FNDA:0,(anonymous_32)
DA:1,0
DA:2,0
DA:17,0
DA:18,0
DA:19,0
DA:39,0
DA:42,0
DA:43,0
DA:47,0
DA:48,0
DA:51,0
DA:52,0
DA:53,0
DA:54,0
DA:58,0
DA:59,0
DA:69,0
DA:89,0
DA:92,0
DA:113,0
DA:135,0
DA:157,0
DA:178,0
DA:201,0
DA:211,0
DA:228,0
DA:230,0
DA:238,0
DA:239,0
DA:244,0
DA:246,0
DA:247,0
DA:248,0
DA:249,0
DA:250,0
DA:251,0
DA:253,0
DA:268,0
DA:269,0
DA:270,0
DA:273,0
DA:274,0
DA:275,0
DA:278,0
DA:279,0
DA:280,0
DA:284,0
DA:285,0
DA:288,0
DA:289,0
DA:292,0
DA:293,0
DA:294,0
DA:295,0
DA:296,0
DA:297,0
DA:298,0
DA:302,0
DA:303,0
DA:304,0
DA:305,0
DA:308,0
DA:309,0
DA:310,0
DA:311,0
DA:312,0
DA:313,0
DA:314,0
DA:318,0
DA:319,0
DA:320,0
DA:321,0
DA:324,0
DA:325,0
DA:326,0
DA:328,0
DA:330,0
DA:331,0
DA:335,0
DA:337,0
DA:338,0
DA:340,0
DA:342,0
DA:343,0
DA:344,0
DA:345,0
DA:349,0
DA:350,0
DA:353,0
DA:354,0
DA:355,0
DA:357,0
LF:92
LH:0
BRDA:92,0,0,0
BRDA:92,0,1,0
BRDA:201,1,0,0
BRDA:201,1,1,0
BRDA:228,2,0,0
BRDA:228,2,1,0
BRDA:262,3,0,0
BRDA:262,3,1,0
BRDA:279,4,0,0
BRDA:279,4,1,0
BRDA:279,5,0,0
BRDA:279,5,1,0
BRDA:294,6,0,0
BRDA:294,6,1,0
BRDA:294,7,0,0
BRDA:294,7,1,0
BRDA:302,8,0,0
BRDA:302,8,1,0
BRDA:310,9,0,0
BRDA:310,9,1,0
BRDA:310,10,0,0
BRDA:310,10,1,0
BRDA:320,11,0,0
BRDA:320,11,1,0
BRDA:320,12,0,0
BRDA:320,12,1,0
BRDA:325,13,0,0
BRDA:325,13,1,0
BRDA:337,14,0,0
BRDA:337,14,1,0
BRDA:337,14,2,0
BRDA:338,15,0,0
BRDA:338,15,1,0
BRDA:338,15,2,0
BRDA:340,16,0,0
BRDA:340,16,1,0
BRDA:340,17,0,0
BRDA:340,17,1,0
BRDA:340,17,2,0
BRDA:342,18,0,0
BRDA:342,18,1,0
BRDA:342,18,2,0
BRDA:344,19,0,0
BRDA:344,19,1,0
BRDA:344,20,0,0
BRDA:344,20,1,0
BRF:46
BRH:0
end_of_record
TN:
SF:D:\OwnSyncDev\GitHub\aurelia-slickgrid-bs4-demo\src\examples\slickgrid\example19-detail-view.ts
FN:3,(anonymous_2)
FN:6,(anonymous_4)
FN:16,(anonymous_5)
FNF:3
FNH:0
FNDA:0,(anonymous_2)
FNDA:0,(anonymous_4)
FNDA:0,(anonymous_5)
DA:1,0
DA:3,0
DA:4,0
DA:6,0
DA:7,0
DA:8,0
DA:9,0
DA:10,0
DA:11,0
DA:12,0
DA:16,0
DA:17,0
DA:18,0
DA:20,0
DA:23,0
LF:15
LH:0
BRDA:7,0,0,0
BRDA:7,0,1,0
BRDA:9,1,0,0
BRDA:9,1,1,0
BRDA:9,2,0,0
BRDA:9,2,1,0
BRDA:9,2,2,0
BRDA:11,3,0,0
BRDA:11,3,1,0
BRDA:11,4,0,0
BRDA:11,4,1,0
BRDA:11,4,2,0
BRDA:11,4,3,0
BRDA:17,5,0,0
BRDA:17,5,1,0
BRF:15
BRH:0
end_of_record
TN:
SF:D:\OwnSyncDev\GitHub\aurelia-slickgrid-bs4-demo\src\examples\slickgrid\example19.ts
FN:12,(anonymous_2)
FN:27,Example19
FN:32,(anonymous_4)
FN:38,(anonymous_5)
FN:69,(anonymous_6)
FN:94,(anonymous_7)
FN:118,(anonymous_8)
FN:123,(anonymous_9)
FN:124,(anonymous_10)
FN:137,(anonymous_11)
FNF:10
FNH:0
FNDA:0,(anonymous_2)
FNDA:0,Example19
FNDA:0,(anonymous_4)
FNDA:0,(anonymous_5)
FNDA:0,(anonymous_6)
FNDA:0,(anonymous_7)
FNDA:0,(anonymous_8)
FNDA:0,(anonymous_9)
FNDA:0,(anonymous_10)
FNDA:0,(anonymous_11)
DA:1,0
DA:3,0
DA:12,0
DA:13,0
DA:14,0
DA:29,0
DA:32,0
DA:34,0
DA:38,0
DA:39,0
DA:57,0
DA:69,0
DA:94,0
DA:96,0
DA:97,0
DA:98,0
DA:99,0
DA:100,0
DA:101,0
DA:103,0
DA:118,0
DA:120,0
DA:123,0
DA:124,0
DA:125,0
DA:128,0
DA:129,0
DA:132,0
DA:137,0
DA:138,0
DA:140,0
LF:31
LH:0
BRDA:106,0,0,0
BRDA:106,0,1,0
BRF:2
BRH:0
end_of_record
TN:
SF:D:\OwnSyncDev\GitHub\aurelia-slickgrid-bs4-demo\src\examples\slickgrid\example2.ts
FN:10,(anonymous_0)
FN:15,(anonymous_1)
FN:32,Example2
FN:37,(anonymous_3)
FN:43,(anonymous_4)
FN:65,(anonymous_5)
FN:89,(anonymous_6)
FNF:7
FNH:0
FNDA:0,(anonymous_0)
FNDA:0,(anonymous_1)
FNDA:0,Example2
FNDA:0,(anonymous_3)
FNDA:0,(anonymous_4)
FNDA:0,(anonymous_5)
FNDA:0,(anonymous_6)
DA:1,0
DA:10,0
DA:12,0
DA:15,0
DA:16,0
DA:17,0
DA:34,0
DA:37,0
DA:39,0
DA:43,0
DA:44,0
DA:55,0
DA:65,0
DA:67,0
DA:68,0
DA:69,0
DA:70,0
DA:71,0
DA:72,0
DA:74,0
DA:89,0
DA:90,0
DA:91,0
DA:92,0
DA:94,0
DA:96,0
LF:26
LH:0
BRDA:12,0,0,0
BRDA:12,0,1,0
BRDA:78,1,0,0
BRDA:78,1,1,0
BRF:4
BRH:0
end_of_record
TN:
SF:D:\OwnSyncDev\GitHub\aurelia-slickgrid-bs4-demo\src\examples\slickgrid\example20.ts
FN:7,(anonymous_2)
FN:29,Example20
FN:34,(anonymous_4)
FN:39,(anonymous_5)
FN:45,(anonymous_6)
FN:145,(anonymous_7)
FN:167,(anonymous_8)
FN:176,(anonymous_9)
FN:185,(anonymous_10)
FNF:9
FNH:0
FNDA:0,(anonymous_2)
FNDA:0,Example20
FNDA:0,(anonymous_4)
FNDA:0,(anonymous_5)
FNDA:0,(anonymous_6)
FNDA:0,(anonymous_7)
FNDA:0,(anonymous_8)
FNDA:0,(anonymous_9)
FNDA:0,(anonymous_10)
DA:1,0
DA:2,0
DA:3,0
DA:4,0
DA:7,0
DA:8,0
DA:9,0
DA:23,0
DA:24,0
DA:25,0
DA:29,0
DA:30,0
DA:31,0
DA:34,0
DA:35,0
DA:36,0
DA:39,0
DA:41,0
DA:45,0
DA:46,0
DA:125,0
DA:145,0
DA:147,0
DA:148,0
DA:149,0
DA:163,0
DA:167,0
DA:168,0
DA:169,0
DA:176,0
DA:177,0
DA:178,0
DA:185,0
DA:186,0
DA:187,0
DA:190,0
DA:193,0
LF:37
LH:0
BRDA:36,0,0,0
BRDA:36,0,1,0
BRDA:168,1,0,0
BRDA:168,1,1,0
BRDA:168,2,0,0
BRDA:168,2,1,0
BRDA:177,3,0,0
BRDA:177,3,1,0
BRDA:177,4,0,0
BRDA:177,4,1,0
BRDA:186,5,0,0
BRDA:186,5,1,0
BRDA:186,6,0,0
BRDA:186,6,1,0
BRF:14
BRH:0
end_of_record
TN:
SF:D:\OwnSyncDev\GitHub\aurelia-slickgrid-bs4-demo\src\examples\slickgrid\example21.ts
FN:10,(anonymous_0)
FN:15,(anonymous_1)
FN:32,Example21
FN:37,(anonymous_3)
FN:43,(anonymous_4)
FN:92,(anonymous_5)
FN:115,(anonymous_6)
FNF:7
FNH:0
FNDA:0,(anonymous_0)
FNDA:0,(anonymous_1)
FNDA:0,Example21
FNDA:0,(anonymous_3)
FNDA:0,(anonymous_4)
FNDA:0,(anonymous_5)
FNDA:0,(anonymous_6)
DA:1,0
DA:10,0
DA:12,0
DA:15,0
DA:16,0
DA:17,0
DA:34,0
DA:37,0
DA:39,0
DA:43,0
DA:44,0
DA:78,0
DA:92,0
DA:94,0
DA:95,0
DA:96,0
DA:97,0
DA:98,0
DA:99,0
DA:101,0
DA:112,0
DA:115,0
DA:116,0
DA:117,0
DA:118,0
DA:120,0
DA:122,0
LF:27
LH:0
BRDA:12,0,0,0
BRDA:12,0,1,0
BRF:2
BRH:0
end_of_record
TN:
SF:D:\OwnSyncDev\GitHub\aurelia-slickgrid-bs4-demo\src\examples\slickgrid\example3.ts
FN:31,(anonymous_3)
FN:53,(anonymous_4)
FN:55,(anonymous_5)
FN:63,(anonymous_6)
FN:89,Example3
FN:95,(anonymous_8)
FN:100,(anonymous_9)
FN:106,(anonymous_10)
FN:116,(anonymous_11)
FN:148,(anonymous_12)
FN:206,(anonymous_13)
FN:272,(anonymous_14)
FN:279,(anonymous_15)
FN:297,(anonymous_16)
FN:304,(anonymous_17)
FN:423,(anonymous_18)
FN:432,(anonymous_19)
FN:437,(anonymous_20)
FN:439,(anonymous_21)
FN:463,(anonymous_22)
FN:464,(anonymous_23)
FN:478,(anonymous_24)
FN:479,(anonymous_25)
FN:482,(anonymous_26)
FN:508,(anonymous_27)
FN:513,(anonymous_28)
FN:533,(anonymous_29)
FN:537,(anonymous_30)
FN:545,(anonymous_31)
FN:553,(anonymous_32)
FN:558,(anonymous_33)
FNF:31
FNH:0
FNDA:0,(anonymous_3)
FNDA:0,(anonymous_4)
FNDA:0,(anonymous_5)
FNDA:0,(anonymous_6)
FNDA:0,Example3
FNDA:0,(anonymous_8)
FNDA:0,(anonymous_9)
FNDA:0,(anonymous_10)
FNDA:0,(anonymous_11)
FNDA:0,(anonymous_12)
FNDA:0,(anonymous_13)
FNDA:0,(anonymous_14)
FNDA:0,(anonymous_15)
FNDA:0,(anonymous_16)
FNDA:0,(anonymous_17)
FNDA:0,(anonymous_18)
FNDA:0,(anonymous_19)
FNDA:0,(anonymous_20)
FNDA:0,(anonymous_21)
FNDA:0,(anonymous_22)
FNDA:0,(anonymous_23)
FNDA:0,(anonymous_24)
FNDA:0,(anonymous_25)
FNDA:0,(anonymous_26)
FNDA:0,(anonymous_27)
FNDA:0,(anonymous_28)
FNDA:0,(anonymous_29)
FNDA:0,(anonymous_30)
FNDA:0,(anonymous_31)
FNDA:0,(anonymous_32)
FNDA:0,(anonymous_33)
DA:1,0
DA:2,0
DA:3,0
DA:4,0
DA:5,0
DA:19,0
DA:20,0
DA:21,0
DA:26,0
DA:27,0
DA:28,0
DA:31,0
DA:33,0
DA:34,0
DA:35,0
DA:41,0
DA:42,0
DA:43,0
DA:44,0
DA:48,0
DA:53,0
DA:54,0
DA:55,0
DA:56,0
DA:57,0
DA:59,0
DA:63,0
DA:64,0
DA:65,0
DA:78,0
DA:85,0
DA:89,0
DA:91,0
DA:92,0
DA:95,0
DA:97,0
DA:100,0
DA:101,0
DA:102,0
DA:106,0
DA:107,0
DA:117,0
DA:118,0
DA:119,0
DA:120,0
DA:149,0
DA:150,0
DA:206,0
DA:273,0
DA:280,0
DA:298,0
DA:305,0
DA:412,0
DA:424,0
DA:425,0
DA:432,0
DA:433,0
DA:434,0
DA:437,0
DA:439,0
DA:440,0
DA:441,0
DA:442,0
DA:444,0
DA:446,0
DA:451,0
DA:452,0
DA:463,0
DA:464,0
DA:465,0
DA:466,0
DA:467,0
DA:469,0
DA:471,0
DA:472,0
DA:473,0
DA:478,0
DA:479,0
DA:482,0
DA:484,0
DA:485,0
DA:486,0
DA:487,0
DA:488,0
DA:489,0
DA:491,0
DA:505,0
DA:508,0
DA:509,0
DA:510,0
DA:513,0
DA:514,0
DA:515,0
DA:517,0
DA:518,0
DA:521,0
DA:525,0
DA:526,0
DA:527,0
DA:528,0
DA:533,0
DA:534,0
DA:537,0
DA:538,0
DA:539,0
DA:542,0
DA:545,0
DA:546,0
DA:547,0
DA:550,0
DA:553,0
DA:554,0
DA:555,0
DA:558,0
DA:559,0
DA:560,0
DA:561,0
DA:562,0
DA:565,0
LF:119
LH:0
BRDA:33,0,0,0
BRDA:33,0,1,0
BRDA:34,1,0,0
BRDA:34,1,1,0
BRDA:34,2,0,0
BRDA:34,2,1,0
BRDA:41,3,0,0
BRDA:41,3,1,0
BRDA:41,4,0,0
BRDA:41,4,1,0
BRDA:41,4,2,0
BRDA:43,5,0,0
BRDA:43,5,1,0
BRDA:54,6,0,0
BRDA:54,6,1,0
BRDA:54,7,0,0
BRDA:54,7,1,0
BRDA:102,8,0,0
BRDA:102,8,1,0
BRDA:440,9,0,0
BRDA:440,9,1,0
BRDA:444,10,0,0
BRDA:444,10,1,0
BRDA:444,11,0,0
BRDA:444,11,1,0
BRDA:465,12,0,0
BRDA:465,12,1,0
BRDA:469,13,0,0
BRDA:469,13,1,0
BRDA:469,14,0,0
BRDA:469,14,1,0
BRDA:482,15,0,0
BRDA:482,15,1,0
BRDA:500,16,0,0
BRDA:500,16,1,0
BRDA:500,17,0,0
BRDA:500,17,1,0
BRDA:500,17,2,0
BRDA:501,18,0,0
BRDA:501,18,1,0
BRDA:502,19,0,0
BRDA:502,19,1,0
BRDA:517,20,0,0
BRDA:517,20,1,0
BRDA:525,21,0,0
BRDA:525,21,1,0
BRDA:526,22,0,0
BRDA:526,22,1,0
BRDA:554,23,0,0
BRDA:554,23,1,0
BRDA:560,24,0,0
BRDA:560,24,1,0
BRDA:560,25,0,0
BRDA:560,25,1,0
BRF:54
BRH:0
end_of_record
TN:
SF:D:\OwnSyncDev\GitHub\aurelia-slickgrid-bs4-demo\src\examples\slickgrid\example4.ts
FN:7,randomBetween
FN:14,(anonymous_3)
FN:41,Example4
FN:45,(anonymous_5)
FN:50,(anonymous_6)
FN:54,(anonymous_7)
FN:59,(anonymous_8)
FN:213,(anonymous_9)
FN:249,(anonymous_10)
FN:254,(anonymous_11)
FN:258,(anonymous_12)
FN:260,(anonymous_13)
FNF:12
FNH:0
FNDA:0,randomBetween
FNDA:0,(anonymous_3)
FNDA:0,Example4
FNDA:0,(anonymous_5)
FNDA:0,(anonymous_6)
FNDA:0,(anonymous_7)
FNDA:0,(anonymous_8)
FNDA:0,(anonymous_9)
FNDA:0,(anonymous_10)
FNDA:0,(anonymous_11)
FNDA:0,(anonymous_12)
FNDA:0,(anonymous_13)
DA:1,0
DA:2,0
DA:3,0
DA:4,0
DA:5,0
DA:8,0
DA:10,0
DA:11,0
DA:14,0
DA:15,0
DA:16,0
DA:41,0
DA:42,0
DA:45,0
DA:47,0
DA:50,0
DA:51,0
DA:54,0
DA:55,0
DA:59,0
DA:60,0
DA:190,0
DA:213,0
DA:215,0
DA:216,0
DA:217,0
DA:218,0
DA:219,0
DA:220,0
DA:221,0
DA:222,0
DA:223,0
DA:224,0
DA:225,0
DA:226,0
DA:228,0
DA:245,0
DA:249,0
DA:250,0
DA:254,0
DA:255,0
DA:258,0
DA:259,0
DA:260,0
DA:261,0
DA:269,0
LF:46
LH:0
BRDA:213,0,0,0
BRDA:213,0,1,0
BRDA:221,1,0,0
BRDA:221,1,1,0
BRDA:231,2,0,0
BRDA:231,2,1,0
BRDA:235,3,0,0
BRDA:235,3,1,0
BRDA:240,4,0,0
BRDA:240,4,1,0
BRDA:259,5,0,0
BRDA:259,5,1,0
BRDA:259,6,0,0
BRDA:259,6,1,0
BRDA:263,7,0,0
BRDA:263,7,1,0
BRF:16
BRH:0
end_of_record
TN:
SF:D:\OwnSyncDev\GitHub\aurelia-slickgrid-bs4-demo\src\examples\slickgrid\example5.ts
FN:10,(anonymous_3)
FN:37,Example5
FN:42,(anonymous_5)
FN:46,(anonymous_6)
FN:82,(anonymous_7)
FN:83,(anonymous_8)
FN:84,(anonymous_9)
FN:93,(anonymous_10)
FN:100,(anonymous_11)
FN:114,(anonymous_12)
FN:124,(anonymous_13)
FN:126,(anonymous_14)
FN:203,(anonymous_15)
FN:212,(anonymous_17)
FN:236,(anonymous_18)
FNF:15
FNH:0
FNDA:0,(anonymous_3)
FNDA:0,Example5
FNDA:0,(anonymous_5)
FNDA:0,(anonymous_6)
FNDA:0,(anonymous_7)
FNDA:0,(anonymous_8)
FNDA:0,(anonymous_9)
FNDA:0,(anonymous_10)
FNDA:0,(anonymous_11)
FNDA:0,(anonymous_12)
FNDA:0,(anonymous_13)
FNDA:0,(anonymous_14)
FNDA:0,(anonymous_15)
FNDA:0,(anonymous_17)
FNDA:0,(anonymous_18)
DA:1,0
DA:3,0
DA:4,0
DA:6,0
DA:7,0
DA:10,0
DA:11,0
DA:12,0
DA:30,0
DA:33,0
DA:34,0
DA:35,0
DA:37,0
DA:39,0
DA:42,0
DA:43,0
DA:46,0
DA:47,0
DA:65,0
DA:82,0
DA:83,0
DA:85,0
DA:86,0
DA:87,0
DA:93,0
DA:94,0
DA:95,0
DA:100,0
DA:103,0
DA:104,0
DA:105,0
DA:106,0
DA:110,0
DA:111,0
DA:114,0
DA:117,0
DA:124,0
DA:126,0
DA:127,0
DA:129,0
DA:130,0
DA:131,0
DA:132,0
DA:134,0
DA:135,0
DA:136,0
DA:138,0
DA:139,0
DA:141,0
DA:142,0
DA:144,0
DA:145,0
DA:146,0
DA:147,0
DA:148,0
DA:149,0
DA:154,0
DA:155,0
DA:156,0
DA:157,0
DA:162,0
DA:163,0
DA:164,0
DA:165,0
DA:170,0
DA:171,0
DA:172,0
DA:173,0
DA:181,0
DA:188,0
DA:190,0
DA:191,0
DA:193,0
DA:194,0
DA:196,0
DA:197,0
DA:200,0
DA:204,0
DA:207,0
DA:208,0
DA:209,0
DA:210,0
DA:211,0
DA:212,0
DA:213,0
DA:214,0
DA:215,0
DA:216,0
DA:217,0
DA:218,0
DA:220,0
DA:221,0
DA:222,0
DA:223,0
DA:224,0
DA:225,0
DA:226,0
DA:232,0
DA:234,0
DA:236,0
DA:237,0
DA:242,0
LF:102
LH:0
BRDA:96,0,0,0
BRDA:96,0,1,0
BRDA:105,1,0,0
BRDA:105,1,1,0
BRDA:135,2,0,0
BRDA:135,2,1,0
BRDA:138,3,0,0
BRDA:138,3,1,0
BRDA:141,4,0,0
BRDA:141,4,1,0
BRDA:144,5,0,0
BRDA:144,5,1,0
BRDA:146,6,0,0
BRDA:146,6,1,0
BRDA:154,7,0,0
BRDA:154,7,1,0
BRDA:162,8,0,0
BRDA:162,8,1,0
BRDA:170,9,0,0
BRDA:170,9,1,0
BRDA:182,10,0,0
BRDA:182,10,1,0
BRDA:184,11,0,0
BRDA:184,11,1,0
BRDA:189,12,0,0
BRDA:189,12,1,0
BRDA:189,12,2,0
BRDA:209,13,0,0
BRDA:209,13,1,0
BRDA:211,14,0,0
BRDA:211,14,1,0
BRDA:216,15,0,0
BRDA:216,15,1,0
BRDA:216,16,0,0
BRDA:216,16,1,0
BRDA:221,17,0,0
BRDA:221,17,1,0
BRDA:223,18,0,0
BRDA:223,18,1,0
BRDA:223,18,2,0
BRDA:223,18,3,0
BRF:41
BRH:0
end_of_record
TN:
SF:D:\OwnSyncDev\GitHub\aurelia-slickgrid-bs4-demo\src\examples\slickgrid\example6.ts
FN:24,(anonymous_2)
FN:54,Example6
FN:58,(anonymous_4)
FN:61,(anonymous_5)
FN:66,(anonymous_6)
FN:70,(anonymous_7)
FN:145,(anonymous_8)
FN:146,(anonymous_9)
FN:147,(anonymous_10)
FN:155,(anonymous_11)
FN:162,(anonymous_12)
FN:187,(anonymous_13)
FN:204,(anonymous_14)
FN:205,(anonymous_15)
FN:212,(anonymous_16)
FN:216,(anonymous_17)
FNF:16
FNH:0
FNDA:0,(anonymous_2)
FNDA:0,Example6
FNDA:0,(anonymous_4)
FNDA:0,(anonymous_5)
FNDA:0,(anonymous_6)
FNDA:0,(anonymous_7)
FNDA:0,(anonymous_8)
FNDA:0,(anonymous_9)
FNDA:0,(anonymous_10)
FNDA:0,(anonymous_11)
FNDA:0,(anonymous_12)
FNDA:0,(anonymous_13)
FNDA:0,(anonymous_14)
FNDA:0,(anonymous_15)
FNDA:0,(anonymous_16)
FNDA:0,(anonymous_17)
DA:1,0
DA:2,0
DA:3,0
DA:4,0
DA:5,0
DA:20,0
DA:21,0
DA:24,0
DA:25,0
DA:26,0
DA:44,0
DA:47,0
DA:48,0
DA:49,0
DA:51,0
DA:54,0
DA:56,0
DA:57,0
DA:58,0
DA:61,0
DA:62,0
DA:63,0
DA:66,0
DA:67,0
DA:70,0
DA:71,0
DA:101,0
DA:145,0
DA:146,0
DA:148,0
DA:149,0
DA:155,0
DA:156,0
DA:157,0
DA:162,0
DA:165,0
DA:187,0
DA:190,0
DA:204,0
DA:205,0
DA:206,0
DA:207,0
DA:212,0
DA:213,0
DA:216,0
DA:217,0
DA:218,0
DA:220,0
LF:48
LH:0
BRDA:158,0,0,0
BRDA:158,0,1,0
BRDA:217,1,0,0
BRDA:217,1,1,0
BRF:4
BRH:0
end_of_record
TN:
SF:D:\OwnSyncDev\GitHub\aurelia-slickgrid-bs4-demo\src\examples\slickgrid\example7.ts
FN:7,(anonymous_2)
FN:16,(anonymous_3)
FN:34,Example7
FN:40,(anonymous_5)
FN:45,(anonymous_6)
FN:50,(anonymous_7)
FN:64,(anonymous_8)
FN:86,(anonymous_9)
FN:114,(anonymous_10)
FN:120,(anonymous_11)
FN:126,(anonymous_12)
FN:132,(anonymous_13)
FN:147,(anonymous_14)
FNF:13
FNH:0
FNDA:0,(anonymous_2)
FNDA:0,(anonymous_3)
FNDA:0,Example7
FNDA:0,(anonymous_5)
FNDA:0,(anonymous_6)
FNDA:0,(anonymous_7)
FNDA:0,(anonymous_8)
FNDA:0,(anonymous_9)
FNDA:0,(anonymous_10)
FNDA:0,(anonymous_11)
FNDA:0,(anonymous_12)
FNDA:0,(anonymous_13)
FNDA:0,(anonymous_14)
DA:1,0
DA:4,0
DA:7,0
DA:8,0
DA:9,0
DA:11,0
DA:16,0
DA:17,0
DA:18,0
DA:30,0
DA:36,0
DA:37,0
DA:40,0
DA:42,0
DA:45,0
DA:46,0
DA:47,0
DA:50,0
DA:51,0
DA:53,0
DA:65,0
DA:66,0
DA:67,0
DA:69,0
DA:70,0
DA:71,0
DA:72,0
DA:73,0
DA:75,0
DA:76,0
DA:77,0
DA:79,0
DA:86,0
DA:88,0
DA:89,0
DA:109,0
DA:110,0
DA:115,0
DA:121,0
DA:127,0
DA:133,0
DA:140,0
DA:141,0
DA:148,0
DA:155,0
DA:156,0
DA:157,0
DA:158,0
DA:159,0
DA:160,0
DA:163,0
DA:165,0
LF:52
LH:0
BRDA:8,0,0,0
BRDA:8,0,1,0
BRDA:8,1,0,0
BRDA:8,1,1,0
BRDA:47,2,0,0
BRDA:47,2,1,0
BRDA:69,3,0,0
BRDA:69,3,1,0
BRDA:70,4,0,0
BRDA:70,4,1,0
BRF:10
BRH:0
end_of_record
TN:
SF:D:\OwnSyncDev\GitHub\aurelia-slickgrid-bs4-demo\src\examples\slickgrid\example8.ts
FN:6,(anonymous_2)
FN:30,Example8
FN:36,(anonymous_4)
FN:41,(anonymous_5)
FN:47,(anonymous_6)
FN:53,(anonymous_7)
FN:63,(anonymous_8)
FN:101,(anonymous_9)
FN:112,(anonymous_10)
FN:129,(anonymous_11)
FNF:10
FNH:0
FNDA:0,(anonymous_2)
FNDA:0,Example8
FNDA:0,(anonymous_4)
FNDA:0,(anonymous_5)
FNDA:0,(anonymous_6)
FNDA:0,(anonymous_7)
FNDA:0,(anonymous_8)
FNDA:0,(anonymous_9)
FNDA:0,(anonymous_10)
FNDA:0,(anonymous_11)
DA:1,0
DA:2,0
DA:3,0
DA:6,0
DA:7,0
DA:8,0
DA:24,0
DA:30,0
DA:32,0
DA:33,0
DA:36,0
DA:38,0
DA:41,0
DA:42,0
DA:43,0
DA:44,0
DA:47,0
DA:50,0
DA:53,0
DA:54,0
DA:63,0
DA:64,0
DA:89,0
DA:102,0
DA:103,0
DA:112,0
DA:114,0
DA:115,0
DA:116,0
DA:126,0
DA:129,0
DA:130,0
DA:131,0
DA:133,0
LF:34
LH:0
BRDA:43,0,0,0
BRDA:43,0,1,0
BRDA:44,1,0,0
BRDA:44,1,1,0
BRDA:102,2,0,0
BRDA:102,2,1,0
BRDA:130,3,0,0
BRDA:130,3,1,0
BRF:8
BRH:0
end_of_record
TN:
SF:D:\OwnSyncDev\GitHub\aurelia-slickgrid-bs4-demo\src\examples\slickgrid\example9.ts
FN:15,(anonymous_2)
FN:38,Example9
FN:44,(anonymous_4)
FN:49,(anonymous_5)
FN:55,(anonymous_6)
FN:94,(anonymous_7)
FN:141,(anonymous_8)
FN:146,(anonymous_9)
FN:155,(anonymous_10)
FN:173,(anonymous_11)
FN:181,(anonymous_12)
FN:186,(anonymous_13)
FNF:12
FNH:0
FNDA:0,(anonymous_2)
FNDA:0,Example9
FNDA:0,(anonymous_4)
FNDA:0,(anonymous_5)
FNDA:0,(anonymous_6)
FNDA:0,(anonymous_7)
FNDA:0,(anonymous_8)
FNDA:0,(anonymous_9)
FNDA:0,(anonymous_10)
FNDA:0,(anonymous_11)
FNDA:0,(anonymous_12)
FNDA:0,(anonymous_13)
DA:1,0
DA:2,0
DA:3,0
DA:15,0
DA:16,0
DA:17,0
DA:32,0
DA:38,0
DA:40,0
DA:41,0
DA:44,0
DA:46,0
DA:49,0
DA:50,0
DA:51,0
DA:52,0
DA:55,0
DA:56,0
DA:90,0
DA:95,0
DA:142,0
DA:143,0
DA:147,0
DA:155,0
DA:157,0
DA:158,0
DA:159,0
DA:170,0
DA:173,0
DA:174,0
DA:175,0
DA:176,0
DA:178,0
DA:181,0
DA:182,0
DA:183,0
DA:186,0
DA:187,0
DA:188,0
DA:189,0
DA:192,0
LF:41
LH:0
BRDA:51,0,0,0
BRDA:51,0,1,0
BRDA:52,1,0,0
BRDA:52,1,1,0
BRDA:142,2,0,0
BRDA:142,2,1,0
BRDA:182,3,0,0
BRDA:182,3,1,0
BRDA:187,4,0,0
BRDA:187,4,1,0
BRDA:187,5,0,0
BRDA:187,5,1,0
BRF:12
BRH:0
end_of_record
TN:
SF:D:\OwnSyncDev\GitHub\aurelia-slickgrid-bs4-demo\src\examples\slickgrid\index.ts
FN:5,(anonymous_1)
FN:8,(anonymous_3)
FNF:2
FNH:0
FNDA:0,(anonymous_1)
FNDA:0,(anonymous_3)
DA:1,0
DA:5,0
DA:8,0
DA:9,0
DA:33,0
DA:35,0
DA:37,0
LF:7
LH:0
BRF:0
BRH:0
end_of_record
TN:
SF:D:\OwnSyncDev\GitHub\aurelia-slickgrid-bs4-demo\src\resources\index.ts
FN:3,configure
FNF:1
FNH:0
FNDA:0,configure
DA:1,0
DA:3,0
DA:4,0
LF:3
LH:0
BRF:0
BRH:0
end_of_record
TN:
SF:D:\OwnSyncDev\GitHub\aurelia-slickgrid-bs4-demo\src\resources\value-converters\date-format.ts
FN:3,(anonymous_0)
FN:4,(anonymous_2)
FNF:2
FNH:0
FNDA:0,(anonymous_0)
FNDA:0,(anonymous_2)
DA:1,0
DA:3,0
DA:4,0
DA:5,0
DA:7,0
LF:5
LH:0
BRF:0
BRH:0
end_of_record
TN:
SF:D:\OwnSyncDev\GitHub\aurelia-slickgrid-bs4-demo\src\resources\value-converters\stringify.ts
FN:1,(anonymous_0)
FN:2,(anonymous_2)
FNF:2
FNH:0
FNDA:0,(anonymous_0)
FNDA:0,(anonymous_2)
DA:1,0
DA:2,0
DA:3,0
DA:5,0
LF:4
LH:0
BRF:0
BRH:0
end_of_record
